{"/Users/andela/Desktop/Issa/My-brand-server/src/tests/blog.test.js":{"path":"/Users/andela/Desktop/Issa/My-brand-server/src/tests/blog.test.js","statementMap":{"0":{"start":{"line":3,"column":13},"end":{"line":3,"column":53}},"1":{"start":{"line":5,"column":12},"end":{"line":5,"column":51}},"2":{"start":{"line":7,"column":17},"end":{"line":7,"column":61}},"3":{"start":{"line":9,"column":13},"end":{"line":9,"column":59}},"4":{"start":{"line":11,"column":17},"end":{"line":11,"column":74}},"5":{"start":{"line":13,"column":19},"end":{"line":13,"column":78}},"6":{"start":{"line":15,"column":16},"end":{"line":15,"column":72}},"7":{"start":{"line":17,"column":39},"end":{"line":17,"column":95}},"8":{"start":{"line":19,"column":77},"end":{"line":19,"column":175}},"9":{"start":{"line":19,"column":94},"end":{"line":19,"column":107}},"10":{"start":{"line":19,"column":121},"end":{"line":19,"column":131}},"11":{"start":{"line":19,"column":151},"end":{"line":19,"column":165}},"12":{"start":{"line":19,"column":166},"end":{"line":19,"column":173}},"13":{"start":{"line":19,"column":176},"end":{"line":19,"column":263}},"14":{"start":{"line":19,"column":193},"end":{"line":19,"column":208}},"15":{"start":{"line":19,"column":218},"end":{"line":19,"column":261}},"16":{"start":{"line":21,"column":33},"end":{"line":21,"column":387}},"17":{"start":{"line":21,"column":65},"end":{"line":21,"column":69}},"18":{"start":{"line":21,"column":78},"end":{"line":21,"column":87}},"19":{"start":{"line":21,"column":89},"end":{"line":21,"column":384}},"20":{"start":{"line":21,"column":147},"end":{"line":21,"column":167}},"21":{"start":{"line":21,"column":193},"end":{"line":21,"column":264}},"22":{"start":{"line":21,"column":290},"end":{"line":21,"column":360}},"23":{"start":{"line":21,"column":363},"end":{"line":21,"column":380}},"24":{"start":{"line":23,"column":9},"end":{"line":23,"column":29}},"25":{"start":{"line":24,"column":15},"end":{"line":24,"column":41}},"26":{"start":{"line":25,"column":17},"end":{"line":25,"column":45}},"27":{"start":{"line":26,"column":16},"end":{"line":26,"column":43}},"28":{"start":{"line":27,"column":13},"end":{"line":27,"column":36}},"29":{"start":{"line":28,"column":15},"end":{"line":31,"column":1}},"30":{"start":{"line":32,"column":0},"end":{"line":56,"column":3}},"31":{"start":{"line":33,"column":2},"end":{"line":55,"column":7}},"32":{"start":{"line":35,"column":4},"end":{"line":54,"column":16}},"33":{"start":{"line":36,"column":6},"end":{"line":53,"column":7}},"34":{"start":{"line":37,"column":8},"end":{"line":52,"column":9}},"35":{"start":{"line":39,"column":12},"end":{"line":39,"column":30}},"36":{"start":{"line":40,"column":12},"end":{"line":40,"column":81}},"37":{"start":{"line":43,"column":12},"end":{"line":43,"column":32}},"38":{"start":{"line":44,"column":12},"end":{"line":44,"column":48}},"39":{"start":{"line":45,"column":12},"end":{"line":45,"column":47}},"40":{"start":{"line":46,"column":12},"end":{"line":46,"column":67}},"41":{"start":{"line":47,"column":12},"end":{"line":47,"column":79}},"42":{"start":{"line":51,"column":12},"end":{"line":51,"column":35}},"43":{"start":{"line":57,"column":0},"end":{"line":254,"column":5}},"44":{"start":{"line":58,"column":2},"end":{"line":253,"column":15}},"45":{"start":{"line":59,"column":4},"end":{"line":252,"column":5}},"46":{"start":{"line":60,"column":6},"end":{"line":251,"column":7}},"47":{"start":{"line":62,"column":10},"end":{"line":76,"column":15}},"48":{"start":{"line":63,"column":12},"end":{"line":75,"column":25}},"49":{"start":{"line":64,"column":14},"end":{"line":74,"column":15}},"50":{"start":{"line":65,"column":16},"end":{"line":73,"column":17}},"51":{"start":{"line":67,"column":20},"end":{"line":67,"column":39}},"52":{"start":{"line":68,"column":20},"end":{"line":68,"column":64}},"53":{"start":{"line":72,"column":20},"end":{"line":72,"column":44}},"54":{"start":{"line":77,"column":10},"end":{"line":91,"column":15}},"55":{"start":{"line":78,"column":12},"end":{"line":90,"column":25}},"56":{"start":{"line":79,"column":14},"end":{"line":89,"column":15}},"57":{"start":{"line":80,"column":16},"end":{"line":88,"column":17}},"58":{"start":{"line":82,"column":20},"end":{"line":82,"column":39}},"59":{"start":{"line":83,"column":20},"end":{"line":83,"column":64}},"60":{"start":{"line":87,"column":20},"end":{"line":87,"column":44}},"61":{"start":{"line":92,"column":10},"end":{"line":117,"column":15}},"62":{"start":{"line":94,"column":12},"end":{"line":116,"column":25}},"63":{"start":{"line":95,"column":14},"end":{"line":115,"column":15}},"64":{"start":{"line":96,"column":16},"end":{"line":114,"column":17}},"65":{"start":{"line":98,"column":20},"end":{"line":98,"column":39}},"66":{"start":{"line":99,"column":20},"end":{"line":99,"column":103}},"67":{"start":{"line":102,"column":20},"end":{"line":102,"column":41}},"68":{"start":{"line":103,"column":20},"end":{"line":103,"column":56}},"69":{"start":{"line":104,"column":20},"end":{"line":104,"column":101}},"70":{"start":{"line":105,"column":20},"end":{"line":105,"column":65}},"71":{"start":{"line":106,"column":20},"end":{"line":106,"column":60}},"72":{"start":{"line":107,"column":20},"end":{"line":107,"column":71}},"73":{"start":{"line":108,"column":20},"end":{"line":108,"column":70}},"74":{"start":{"line":109,"column":20},"end":{"line":109,"column":74}},"75":{"start":{"line":113,"column":20},"end":{"line":113,"column":44}},"76":{"start":{"line":118,"column":10},"end":{"line":143,"column":15}},"77":{"start":{"line":120,"column":12},"end":{"line":142,"column":25}},"78":{"start":{"line":121,"column":14},"end":{"line":141,"column":15}},"79":{"start":{"line":122,"column":16},"end":{"line":140,"column":17}},"80":{"start":{"line":124,"column":20},"end":{"line":124,"column":39}},"81":{"start":{"line":125,"column":20},"end":{"line":125,"column":87}},"82":{"start":{"line":128,"column":20},"end":{"line":128,"column":41}},"83":{"start":{"line":129,"column":20},"end":{"line":129,"column":56}},"84":{"start":{"line":130,"column":20},"end":{"line":130,"column":96}},"85":{"start":{"line":131,"column":20},"end":{"line":131,"column":71}},"86":{"start":{"line":132,"column":20},"end":{"line":132,"column":55}},"87":{"start":{"line":133,"column":20},"end":{"line":133,"column":60}},"88":{"start":{"line":134,"column":20},"end":{"line":134,"column":68}},"89":{"start":{"line":135,"column":20},"end":{"line":135,"column":65}},"90":{"start":{"line":139,"column":20},"end":{"line":139,"column":44}},"91":{"start":{"line":144,"column":10},"end":{"line":179,"column":15}},"92":{"start":{"line":146,"column":12},"end":{"line":178,"column":25}},"93":{"start":{"line":147,"column":14},"end":{"line":177,"column":15}},"94":{"start":{"line":148,"column":16},"end":{"line":176,"column":17}},"95":{"start":{"line":150,"column":20},"end":{"line":150,"column":39}},"96":{"start":{"line":151,"column":20},"end":{"line":151,"column":66}},"97":{"start":{"line":154,"column":20},"end":{"line":154,"column":42}},"98":{"start":{"line":155,"column":20},"end":{"line":155,"column":39}},"99":{"start":{"line":156,"column":20},"end":{"line":156,"column":39}},"100":{"start":{"line":159,"column":20},"end":{"line":159,"column":39}},"101":{"start":{"line":160,"column":20},"end":{"line":160,"column":105}},"102":{"start":{"line":163,"column":20},"end":{"line":163,"column":41}},"103":{"start":{"line":164,"column":20},"end":{"line":164,"column":56}},"104":{"start":{"line":165,"column":20},"end":{"line":165,"column":71}},"105":{"start":{"line":166,"column":20},"end":{"line":166,"column":90}},"106":{"start":{"line":167,"column":20},"end":{"line":167,"column":62}},"107":{"start":{"line":168,"column":20},"end":{"line":168,"column":60}},"108":{"start":{"line":169,"column":20},"end":{"line":169,"column":67}},"109":{"start":{"line":170,"column":20},"end":{"line":170,"column":68}},"110":{"start":{"line":171,"column":20},"end":{"line":171,"column":66}},"111":{"start":{"line":175,"column":20},"end":{"line":175,"column":44}},"112":{"start":{"line":180,"column":10},"end":{"line":211,"column":15}},"113":{"start":{"line":182,"column":12},"end":{"line":210,"column":25}},"114":{"start":{"line":183,"column":14},"end":{"line":209,"column":15}},"115":{"start":{"line":184,"column":16},"end":{"line":208,"column":17}},"116":{"start":{"line":186,"column":20},"end":{"line":186,"column":39}},"117":{"start":{"line":187,"column":20},"end":{"line":187,"column":66}},"118":{"start":{"line":190,"column":20},"end":{"line":190,"column":42}},"119":{"start":{"line":191,"column":20},"end":{"line":191,"column":39}},"120":{"start":{"line":192,"column":20},"end":{"line":192,"column":39}},"121":{"start":{"line":195,"column":20},"end":{"line":195,"column":39}},"122":{"start":{"line":196,"column":20},"end":{"line":196,"column":111}},"123":{"start":{"line":199,"column":20},"end":{"line":199,"column":41}},"124":{"start":{"line":200,"column":20},"end":{"line":200,"column":56}},"125":{"start":{"line":201,"column":20},"end":{"line":201,"column":71}},"126":{"start":{"line":202,"column":20},"end":{"line":202,"column":55}},"127":{"start":{"line":203,"column":20},"end":{"line":203,"column":94}},"128":{"start":{"line":207,"column":20},"end":{"line":207,"column":44}},"129":{"start":{"line":212,"column":10},"end":{"line":246,"column":15}},"130":{"start":{"line":214,"column":12},"end":{"line":245,"column":25}},"131":{"start":{"line":215,"column":14},"end":{"line":244,"column":15}},"132":{"start":{"line":216,"column":16},"end":{"line":243,"column":17}},"133":{"start":{"line":218,"column":20},"end":{"line":221,"column":22}},"134":{"start":{"line":222,"column":20},"end":{"line":222,"column":39}},"135":{"start":{"line":223,"column":20},"end":{"line":223,"column":66}},"136":{"start":{"line":226,"column":20},"end":{"line":226,"column":42}},"137":{"start":{"line":227,"column":20},"end":{"line":227,"column":39}},"138":{"start":{"line":228,"column":20},"end":{"line":228,"column":39}},"139":{"start":{"line":231,"column":20},"end":{"line":231,"column":39}},"140":{"start":{"line":232,"column":20},"end":{"line":232,"column":124}},"141":{"start":{"line":235,"column":20},"end":{"line":235,"column":41}},"142":{"start":{"line":236,"column":20},"end":{"line":236,"column":56}},"143":{"start":{"line":237,"column":20},"end":{"line":237,"column":71}},"144":{"start":{"line":238,"column":20},"end":{"line":238,"column":94}},"145":{"start":{"line":242,"column":20},"end":{"line":242,"column":44}},"146":{"start":{"line":250,"column":10},"end":{"line":250,"column":34}},"147":{"start":{"line":255,"column":0},"end":{"line":367,"column":5}},"148":{"start":{"line":257,"column":2},"end":{"line":366,"column":16}},"149":{"start":{"line":258,"column":4},"end":{"line":365,"column":5}},"150":{"start":{"line":259,"column":6},"end":{"line":364,"column":7}},"151":{"start":{"line":261,"column":10},"end":{"line":263,"column":12}},"152":{"start":{"line":264,"column":10},"end":{"line":287,"column":15}},"153":{"start":{"line":266,"column":12},"end":{"line":286,"column":26}},"154":{"start":{"line":267,"column":14},"end":{"line":285,"column":15}},"155":{"start":{"line":268,"column":16},"end":{"line":284,"column":17}},"156":{"start":{"line":270,"column":20},"end":{"line":270,"column":40}},"157":{"start":{"line":271,"column":20},"end":{"line":271,"column":110}},"158":{"start":{"line":274,"column":20},"end":{"line":274,"column":42}},"159":{"start":{"line":275,"column":20},"end":{"line":275,"column":56}},"160":{"start":{"line":276,"column":20},"end":{"line":276,"column":71}},"161":{"start":{"line":277,"column":20},"end":{"line":277,"column":92}},"162":{"start":{"line":278,"column":20},"end":{"line":278,"column":57}},"163":{"start":{"line":279,"column":20},"end":{"line":279,"column":68}},"164":{"start":{"line":283,"column":20},"end":{"line":283,"column":45}},"165":{"start":{"line":288,"column":10},"end":{"line":309,"column":15}},"166":{"start":{"line":290,"column":12},"end":{"line":308,"column":26}},"167":{"start":{"line":291,"column":14},"end":{"line":307,"column":15}},"168":{"start":{"line":292,"column":16},"end":{"line":306,"column":17}},"169":{"start":{"line":294,"column":20},"end":{"line":294,"column":40}},"170":{"start":{"line":295,"column":20},"end":{"line":295,"column":110}},"171":{"start":{"line":298,"column":20},"end":{"line":298,"column":42}},"172":{"start":{"line":299,"column":20},"end":{"line":299,"column":56}},"173":{"start":{"line":300,"column":20},"end":{"line":300,"column":72}},"174":{"start":{"line":301,"column":20},"end":{"line":301,"column":102}},"175":{"start":{"line":305,"column":20},"end":{"line":305,"column":45}},"176":{"start":{"line":310,"column":10},"end":{"line":332,"column":15}},"177":{"start":{"line":312,"column":12},"end":{"line":331,"column":26}},"178":{"start":{"line":313,"column":14},"end":{"line":330,"column":15}},"179":{"start":{"line":314,"column":16},"end":{"line":329,"column":17}},"180":{"start":{"line":316,"column":20},"end":{"line":316,"column":40}},"181":{"start":{"line":317,"column":20},"end":{"line":317,"column":97}},"182":{"start":{"line":320,"column":20},"end":{"line":320,"column":42}},"183":{"start":{"line":321,"column":20},"end":{"line":321,"column":56}},"184":{"start":{"line":322,"column":20},"end":{"line":322,"column":71}},"185":{"start":{"line":323,"column":20},"end":{"line":323,"column":60}},"186":{"start":{"line":324,"column":20},"end":{"line":324,"column":104}},"187":{"start":{"line":328,"column":20},"end":{"line":328,"column":45}},"188":{"start":{"line":333,"column":10},"end":{"line":357,"column":15}},"189":{"start":{"line":335,"column":12},"end":{"line":356,"column":26}},"190":{"start":{"line":336,"column":14},"end":{"line":355,"column":15}},"191":{"start":{"line":337,"column":16},"end":{"line":354,"column":17}},"192":{"start":{"line":339,"column":20},"end":{"line":339,"column":40}},"193":{"start":{"line":340,"column":20},"end":{"line":342,"column":23}},"194":{"start":{"line":345,"column":20},"end":{"line":345,"column":42}},"195":{"start":{"line":346,"column":20},"end":{"line":346,"column":56}},"196":{"start":{"line":347,"column":20},"end":{"line":347,"column":75}},"197":{"start":{"line":348,"column":20},"end":{"line":348,"column":55}},"198":{"start":{"line":349,"column":20},"end":{"line":349,"column":105}},"199":{"start":{"line":353,"column":20},"end":{"line":353,"column":45}},"200":{"start":{"line":358,"column":10},"end":{"line":358,"column":30}},"201":{"start":{"line":359,"column":10},"end":{"line":359,"column":56}},"202":{"start":{"line":363,"column":10},"end":{"line":363,"column":35}},"203":{"start":{"line":368,"column":0},"end":{"line":400,"column":3}},"204":{"start":{"line":369,"column":2},"end":{"line":399,"column":7}},"205":{"start":{"line":371,"column":4},"end":{"line":398,"column":18}},"206":{"start":{"line":372,"column":6},"end":{"line":397,"column":7}},"207":{"start":{"line":373,"column":8},"end":{"line":396,"column":9}},"208":{"start":{"line":375,"column":12},"end":{"line":375,"column":32}},"209":{"start":{"line":376,"column":12},"end":{"line":376,"column":58}},"210":{"start":{"line":379,"column":12},"end":{"line":379,"column":35}},"211":{"start":{"line":380,"column":12},"end":{"line":380,"column":32}},"212":{"start":{"line":381,"column":12},"end":{"line":381,"column":31}},"213":{"start":{"line":384,"column":12},"end":{"line":384,"column":32}},"214":{"start":{"line":385,"column":12},"end":{"line":385,"column":97}},"215":{"start":{"line":388,"column":12},"end":{"line":388,"column":34}},"216":{"start":{"line":389,"column":12},"end":{"line":389,"column":48}},"217":{"start":{"line":390,"column":12},"end":{"line":390,"column":55}},"218":{"start":{"line":391,"column":12},"end":{"line":391,"column":71}},"219":{"start":{"line":395,"column":12},"end":{"line":395,"column":37}},"220":{"start":{"line":401,"column":0},"end":{"line":537,"column":5}},"221":{"start":{"line":403,"column":2},"end":{"line":536,"column":16}},"222":{"start":{"line":404,"column":4},"end":{"line":535,"column":5}},"223":{"start":{"line":405,"column":6},"end":{"line":534,"column":7}},"224":{"start":{"line":407,"column":10},"end":{"line":421,"column":15}},"225":{"start":{"line":408,"column":12},"end":{"line":420,"column":26}},"226":{"start":{"line":409,"column":14},"end":{"line":419,"column":15}},"227":{"start":{"line":410,"column":16},"end":{"line":418,"column":17}},"228":{"start":{"line":412,"column":20},"end":{"line":412,"column":40}},"229":{"start":{"line":413,"column":20},"end":{"line":413,"column":64}},"230":{"start":{"line":417,"column":20},"end":{"line":417,"column":45}},"231":{"start":{"line":422,"column":10},"end":{"line":436,"column":15}},"232":{"start":{"line":423,"column":12},"end":{"line":435,"column":26}},"233":{"start":{"line":424,"column":14},"end":{"line":434,"column":15}},"234":{"start":{"line":425,"column":16},"end":{"line":433,"column":17}},"235":{"start":{"line":427,"column":20},"end":{"line":427,"column":40}},"236":{"start":{"line":428,"column":20},"end":{"line":428,"column":64}},"237":{"start":{"line":432,"column":20},"end":{"line":432,"column":45}},"238":{"start":{"line":437,"column":10},"end":{"line":441,"column":12}},"239":{"start":{"line":442,"column":10},"end":{"line":473,"column":15}},"240":{"start":{"line":444,"column":12},"end":{"line":472,"column":26}},"241":{"start":{"line":445,"column":14},"end":{"line":471,"column":15}},"242":{"start":{"line":446,"column":16},"end":{"line":470,"column":17}},"243":{"start":{"line":448,"column":20},"end":{"line":448,"column":40}},"244":{"start":{"line":449,"column":20},"end":{"line":449,"column":66}},"245":{"start":{"line":452,"column":20},"end":{"line":452,"column":43}},"246":{"start":{"line":453,"column":20},"end":{"line":453,"column":40}},"247":{"start":{"line":454,"column":20},"end":{"line":454,"column":39}},"248":{"start":{"line":457,"column":20},"end":{"line":457,"column":40}},"249":{"start":{"line":458,"column":20},"end":{"line":458,"column":136}},"250":{"start":{"line":461,"column":20},"end":{"line":461,"column":42}},"251":{"start":{"line":462,"column":20},"end":{"line":462,"column":56}},"252":{"start":{"line":463,"column":20},"end":{"line":463,"column":71}},"253":{"start":{"line":464,"column":20},"end":{"line":464,"column":91}},"254":{"start":{"line":465,"column":20},"end":{"line":465,"column":55}},"255":{"start":{"line":469,"column":20},"end":{"line":469,"column":45}},"256":{"start":{"line":474,"column":10},"end":{"line":502,"column":15}},"257":{"start":{"line":476,"column":12},"end":{"line":501,"column":26}},"258":{"start":{"line":477,"column":14},"end":{"line":500,"column":15}},"259":{"start":{"line":478,"column":16},"end":{"line":499,"column":17}},"260":{"start":{"line":480,"column":20},"end":{"line":480,"column":40}},"261":{"start":{"line":481,"column":20},"end":{"line":481,"column":66}},"262":{"start":{"line":484,"column":20},"end":{"line":484,"column":43}},"263":{"start":{"line":485,"column":20},"end":{"line":485,"column":40}},"264":{"start":{"line":486,"column":20},"end":{"line":486,"column":39}},"265":{"start":{"line":489,"column":20},"end":{"line":489,"column":40}},"266":{"start":{"line":490,"column":20},"end":{"line":490,"column":121}},"267":{"start":{"line":493,"column":20},"end":{"line":493,"column":42}},"268":{"start":{"line":494,"column":20},"end":{"line":494,"column":56}},"269":{"start":{"line":498,"column":20},"end":{"line":498,"column":45}},"270":{"start":{"line":503,"column":10},"end":{"line":527,"column":15}},"271":{"start":{"line":505,"column":12},"end":{"line":526,"column":26}},"272":{"start":{"line":506,"column":14},"end":{"line":525,"column":15}},"273":{"start":{"line":507,"column":16},"end":{"line":524,"column":17}},"274":{"start":{"line":509,"column":20},"end":{"line":509,"column":40}},"275":{"start":{"line":510,"column":20},"end":{"line":510,"column":68}},"276":{"start":{"line":513,"column":20},"end":{"line":513,"column":46}},"277":{"start":{"line":514,"column":20},"end":{"line":514,"column":40}},"278":{"start":{"line":515,"column":20},"end":{"line":515,"column":117}},"279":{"start":{"line":518,"column":20},"end":{"line":518,"column":42}},"280":{"start":{"line":519,"column":20},"end":{"line":519,"column":56}},"281":{"start":{"line":523,"column":20},"end":{"line":523,"column":45}},"282":{"start":{"line":528,"column":10},"end":{"line":528,"column":30}},"283":{"start":{"line":529,"column":10},"end":{"line":529,"column":53}},"284":{"start":{"line":533,"column":10},"end":{"line":533,"column":35}}},"fnMap":{"0":{"name":"_interopRequireDefault","decl":{"start":{"line":17,"column":9},"end":{"line":17,"column":31}},"loc":{"start":{"line":17,"column":37},"end":{"line":17,"column":97}},"line":17},"1":{"name":"asyncGeneratorStep","decl":{"start":{"line":19,"column":9},"end":{"line":19,"column":27}},"loc":{"start":{"line":19,"column":75},"end":{"line":19,"column":265}},"line":19},"2":{"name":"_asyncToGenerator","decl":{"start":{"line":21,"column":9},"end":{"line":21,"column":26}},"loc":{"start":{"line":21,"column":31},"end":{"line":21,"column":389}},"line":21},"3":{"name":"(anonymous_3)","decl":{"start":{"line":21,"column":40},"end":{"line":21,"column":41}},"loc":{"start":{"line":21,"column":52},"end":{"line":21,"column":386}},"line":21},"4":{"name":"(anonymous_4)","decl":{"start":{"line":21,"column":108},"end":{"line":21,"column":109}},"loc":{"start":{"line":21,"column":135},"end":{"line":21,"column":382}},"line":21},"5":{"name":"_next","decl":{"start":{"line":21,"column":178},"end":{"line":21,"column":183}},"loc":{"start":{"line":21,"column":191},"end":{"line":21,"column":266}},"line":21},"6":{"name":"_throw","decl":{"start":{"line":21,"column":276},"end":{"line":21,"column":282}},"loc":{"start":{"line":21,"column":288},"end":{"line":21,"column":362}},"line":21},"7":{"name":"(anonymous_7)","decl":{"start":{"line":32,"column":26},"end":{"line":32,"column":27}},"loc":{"start":{"line":32,"column":38},"end":{"line":56,"column":1}},"line":32},"8":{"name":"_callee","decl":{"start":{"line":33,"column":123},"end":{"line":33,"column":130}},"loc":{"start":{"line":33,"column":133},"end":{"line":55,"column":3}},"line":33},"9":{"name":"_callee$","decl":{"start":{"line":35,"column":44},"end":{"line":35,"column":52}},"loc":{"start":{"line":35,"column":63},"end":{"line":54,"column":5}},"line":35},"10":{"name":"_callee9","decl":{"start":{"line":57,"column":110},"end":{"line":57,"column":118}},"loc":{"start":{"line":57,"column":121},"end":{"line":254,"column":1}},"line":57},"11":{"name":"_callee9$","decl":{"start":{"line":58,"column":42},"end":{"line":58,"column":51}},"loc":{"start":{"line":58,"column":63},"end":{"line":253,"column":3}},"line":58},"12":{"name":"_callee2","decl":{"start":{"line":62,"column":100},"end":{"line":62,"column":108}},"loc":{"start":{"line":62,"column":111},"end":{"line":76,"column":11}},"line":62},"13":{"name":"_callee2$","decl":{"start":{"line":63,"column":52},"end":{"line":63,"column":61}},"loc":{"start":{"line":63,"column":73},"end":{"line":75,"column":13}},"line":63},"14":{"name":"_callee3","decl":{"start":{"line":77,"column":99},"end":{"line":77,"column":107}},"loc":{"start":{"line":77,"column":110},"end":{"line":91,"column":11}},"line":77},"15":{"name":"_callee3$","decl":{"start":{"line":78,"column":52},"end":{"line":78,"column":61}},"loc":{"start":{"line":78,"column":73},"end":{"line":90,"column":13}},"line":78},"16":{"name":"_callee4","decl":{"start":{"line":92,"column":115},"end":{"line":92,"column":123}},"loc":{"start":{"line":92,"column":126},"end":{"line":117,"column":11}},"line":92},"17":{"name":"_callee4$","decl":{"start":{"line":94,"column":52},"end":{"line":94,"column":61}},"loc":{"start":{"line":94,"column":73},"end":{"line":116,"column":13}},"line":94},"18":{"name":"_callee5","decl":{"start":{"line":118,"column":129},"end":{"line":118,"column":137}},"loc":{"start":{"line":118,"column":140},"end":{"line":143,"column":11}},"line":118},"19":{"name":"_callee5$","decl":{"start":{"line":120,"column":52},"end":{"line":120,"column":61}},"loc":{"start":{"line":120,"column":73},"end":{"line":142,"column":13}},"line":120},"20":{"name":"_callee6","decl":{"start":{"line":144,"column":114},"end":{"line":144,"column":122}},"loc":{"start":{"line":144,"column":125},"end":{"line":179,"column":11}},"line":144},"21":{"name":"_callee6$","decl":{"start":{"line":146,"column":52},"end":{"line":146,"column":61}},"loc":{"start":{"line":146,"column":73},"end":{"line":178,"column":13}},"line":146},"22":{"name":"_callee7","decl":{"start":{"line":180,"column":115},"end":{"line":180,"column":123}},"loc":{"start":{"line":180,"column":126},"end":{"line":211,"column":11}},"line":180},"23":{"name":"_callee7$","decl":{"start":{"line":182,"column":52},"end":{"line":182,"column":61}},"loc":{"start":{"line":182,"column":73},"end":{"line":210,"column":13}},"line":182},"24":{"name":"_callee8","decl":{"start":{"line":212,"column":115},"end":{"line":212,"column":123}},"loc":{"start":{"line":212,"column":126},"end":{"line":246,"column":11}},"line":212},"25":{"name":"_callee8$","decl":{"start":{"line":214,"column":52},"end":{"line":214,"column":61}},"loc":{"start":{"line":214,"column":73},"end":{"line":245,"column":13}},"line":214},"26":{"name":"_callee14","decl":{"start":{"line":255,"column":115},"end":{"line":255,"column":124}},"loc":{"start":{"line":255,"column":127},"end":{"line":367,"column":1}},"line":255},"27":{"name":"_callee14$","decl":{"start":{"line":257,"column":42},"end":{"line":257,"column":52}},"loc":{"start":{"line":257,"column":65},"end":{"line":366,"column":3}},"line":257},"28":{"name":"_callee10","decl":{"start":{"line":264,"column":112},"end":{"line":264,"column":121}},"loc":{"start":{"line":264,"column":124},"end":{"line":287,"column":11}},"line":264},"29":{"name":"_callee10$","decl":{"start":{"line":266,"column":52},"end":{"line":266,"column":62}},"loc":{"start":{"line":266,"column":75},"end":{"line":286,"column":13}},"line":266},"30":{"name":"_callee11","decl":{"start":{"line":288,"column":136},"end":{"line":288,"column":145}},"loc":{"start":{"line":288,"column":148},"end":{"line":309,"column":11}},"line":288},"31":{"name":"_callee11$","decl":{"start":{"line":290,"column":52},"end":{"line":290,"column":62}},"loc":{"start":{"line":290,"column":75},"end":{"line":308,"column":13}},"line":290},"32":{"name":"_callee12","decl":{"start":{"line":310,"column":121},"end":{"line":310,"column":130}},"loc":{"start":{"line":310,"column":133},"end":{"line":332,"column":11}},"line":310},"33":{"name":"_callee12$","decl":{"start":{"line":312,"column":52},"end":{"line":312,"column":62}},"loc":{"start":{"line":312,"column":75},"end":{"line":331,"column":13}},"line":312},"34":{"name":"_callee13","decl":{"start":{"line":333,"column":134},"end":{"line":333,"column":143}},"loc":{"start":{"line":333,"column":146},"end":{"line":357,"column":11}},"line":333},"35":{"name":"_callee13$","decl":{"start":{"line":335,"column":52},"end":{"line":335,"column":62}},"loc":{"start":{"line":335,"column":75},"end":{"line":356,"column":13}},"line":335},"36":{"name":"(anonymous_36)","decl":{"start":{"line":368,"column":31},"end":{"line":368,"column":32}},"loc":{"start":{"line":368,"column":43},"end":{"line":400,"column":1}},"line":368},"37":{"name":"_callee15","decl":{"start":{"line":369,"column":108},"end":{"line":369,"column":117}},"loc":{"start":{"line":369,"column":120},"end":{"line":399,"column":3}},"line":369},"38":{"name":"_callee15$","decl":{"start":{"line":371,"column":44},"end":{"line":371,"column":54}},"loc":{"start":{"line":371,"column":67},"end":{"line":398,"column":5}},"line":371},"39":{"name":"_callee21","decl":{"start":{"line":401,"column":114},"end":{"line":401,"column":123}},"loc":{"start":{"line":401,"column":126},"end":{"line":537,"column":1}},"line":401},"40":{"name":"_callee21$","decl":{"start":{"line":403,"column":42},"end":{"line":403,"column":52}},"loc":{"start":{"line":403,"column":65},"end":{"line":536,"column":3}},"line":403},"41":{"name":"_callee16","decl":{"start":{"line":407,"column":100},"end":{"line":407,"column":109}},"loc":{"start":{"line":407,"column":112},"end":{"line":421,"column":11}},"line":407},"42":{"name":"_callee16$","decl":{"start":{"line":408,"column":52},"end":{"line":408,"column":62}},"loc":{"start":{"line":408,"column":75},"end":{"line":420,"column":13}},"line":408},"43":{"name":"_callee17","decl":{"start":{"line":422,"column":99},"end":{"line":422,"column":108}},"loc":{"start":{"line":422,"column":111},"end":{"line":436,"column":11}},"line":422},"44":{"name":"_callee17$","decl":{"start":{"line":423,"column":52},"end":{"line":423,"column":62}},"loc":{"start":{"line":423,"column":75},"end":{"line":435,"column":13}},"line":423},"45":{"name":"_callee18","decl":{"start":{"line":442,"column":117},"end":{"line":442,"column":126}},"loc":{"start":{"line":442,"column":129},"end":{"line":473,"column":11}},"line":442},"46":{"name":"_callee18$","decl":{"start":{"line":444,"column":52},"end":{"line":444,"column":62}},"loc":{"start":{"line":444,"column":75},"end":{"line":472,"column":13}},"line":444},"47":{"name":"_callee19","decl":{"start":{"line":474,"column":128},"end":{"line":474,"column":137}},"loc":{"start":{"line":474,"column":140},"end":{"line":502,"column":11}},"line":474},"48":{"name":"_callee19$","decl":{"start":{"line":476,"column":52},"end":{"line":476,"column":62}},"loc":{"start":{"line":476,"column":75},"end":{"line":501,"column":13}},"line":476},"49":{"name":"_callee20","decl":{"start":{"line":503,"column":119},"end":{"line":503,"column":128}},"loc":{"start":{"line":503,"column":131},"end":{"line":527,"column":11}},"line":503},"50":{"name":"_callee20$","decl":{"start":{"line":505,"column":52},"end":{"line":505,"column":62}},"loc":{"start":{"line":505,"column":75},"end":{"line":526,"column":13}},"line":505}},"branchMap":{"0":{"loc":{"start":{"line":17,"column":46},"end":{"line":17,"column":94}},"type":"cond-expr","locations":[{"start":{"line":17,"column":70},"end":{"line":17,"column":73}},{"start":{"line":17,"column":76},"end":{"line":17,"column":94}}],"line":17},"1":{"loc":{"start":{"line":17,"column":46},"end":{"line":17,"column":67}},"type":"binary-expr","locations":[{"start":{"line":17,"column":46},"end":{"line":17,"column":49}},{"start":{"line":17,"column":53},"end":{"line":17,"column":67}}],"line":17},"2":{"loc":{"start":{"line":19,"column":176},"end":{"line":19,"column":263}},"type":"if","locations":[{"start":{"line":19,"column":176},"end":{"line":19,"column":263}},{"start":{"line":19,"column":176},"end":{"line":19,"column":263}}],"line":19},"3":{"loc":{"start":{"line":37,"column":8},"end":{"line":52,"column":9}},"type":"switch","locations":[{"start":{"line":38,"column":10},"end":{"line":40,"column":81}},{"start":{"line":42,"column":10},"end":{"line":47,"column":79}},{"start":{"line":49,"column":10},"end":{"line":49,"column":17}},{"start":{"line":50,"column":10},"end":{"line":51,"column":35}}],"line":37},"4":{"loc":{"start":{"line":60,"column":6},"end":{"line":251,"column":7}},"type":"switch","locations":[{"start":{"line":61,"column":8},"end":{"line":246,"column":15}},{"start":{"line":248,"column":8},"end":{"line":248,"column":15}},{"start":{"line":249,"column":8},"end":{"line":250,"column":34}}],"line":60},"5":{"loc":{"start":{"line":65,"column":16},"end":{"line":73,"column":17}},"type":"switch","locations":[{"start":{"line":66,"column":18},"end":{"line":68,"column":64}},{"start":{"line":70,"column":18},"end":{"line":70,"column":25}},{"start":{"line":71,"column":18},"end":{"line":72,"column":44}}],"line":65},"6":{"loc":{"start":{"line":80,"column":16},"end":{"line":88,"column":17}},"type":"switch","locations":[{"start":{"line":81,"column":18},"end":{"line":83,"column":64}},{"start":{"line":85,"column":18},"end":{"line":85,"column":25}},{"start":{"line":86,"column":18},"end":{"line":87,"column":44}}],"line":80},"7":{"loc":{"start":{"line":96,"column":16},"end":{"line":114,"column":17}},"type":"switch","locations":[{"start":{"line":97,"column":18},"end":{"line":99,"column":103}},{"start":{"line":101,"column":18},"end":{"line":109,"column":74}},{"start":{"line":111,"column":18},"end":{"line":111,"column":26}},{"start":{"line":112,"column":18},"end":{"line":113,"column":44}}],"line":96},"8":{"loc":{"start":{"line":122,"column":16},"end":{"line":140,"column":17}},"type":"switch","locations":[{"start":{"line":123,"column":18},"end":{"line":125,"column":87}},{"start":{"line":127,"column":18},"end":{"line":135,"column":65}},{"start":{"line":137,"column":18},"end":{"line":137,"column":26}},{"start":{"line":138,"column":18},"end":{"line":139,"column":44}}],"line":122},"9":{"loc":{"start":{"line":148,"column":16},"end":{"line":176,"column":17}},"type":"switch","locations":[{"start":{"line":149,"column":18},"end":{"line":151,"column":66}},{"start":{"line":153,"column":18},"end":{"line":156,"column":39}},{"start":{"line":158,"column":18},"end":{"line":160,"column":105}},{"start":{"line":162,"column":18},"end":{"line":171,"column":66}},{"start":{"line":173,"column":18},"end":{"line":173,"column":26}},{"start":{"line":174,"column":18},"end":{"line":175,"column":44}}],"line":148},"10":{"loc":{"start":{"line":184,"column":16},"end":{"line":208,"column":17}},"type":"switch","locations":[{"start":{"line":185,"column":18},"end":{"line":187,"column":66}},{"start":{"line":189,"column":18},"end":{"line":192,"column":39}},{"start":{"line":194,"column":18},"end":{"line":196,"column":111}},{"start":{"line":198,"column":18},"end":{"line":203,"column":94}},{"start":{"line":205,"column":18},"end":{"line":205,"column":26}},{"start":{"line":206,"column":18},"end":{"line":207,"column":44}}],"line":184},"11":{"loc":{"start":{"line":216,"column":16},"end":{"line":243,"column":17}},"type":"switch","locations":[{"start":{"line":217,"column":18},"end":{"line":223,"column":66}},{"start":{"line":225,"column":18},"end":{"line":228,"column":39}},{"start":{"line":230,"column":18},"end":{"line":232,"column":124}},{"start":{"line":234,"column":18},"end":{"line":238,"column":94}},{"start":{"line":240,"column":18},"end":{"line":240,"column":26}},{"start":{"line":241,"column":18},"end":{"line":242,"column":44}}],"line":216},"12":{"loc":{"start":{"line":259,"column":6},"end":{"line":364,"column":7}},"type":"switch","locations":[{"start":{"line":260,"column":8},"end":{"line":359,"column":56}},{"start":{"line":361,"column":8},"end":{"line":361,"column":15}},{"start":{"line":362,"column":8},"end":{"line":363,"column":35}}],"line":259},"13":{"loc":{"start":{"line":268,"column":16},"end":{"line":284,"column":17}},"type":"switch","locations":[{"start":{"line":269,"column":18},"end":{"line":271,"column":110}},{"start":{"line":273,"column":18},"end":{"line":279,"column":68}},{"start":{"line":281,"column":18},"end":{"line":281,"column":25}},{"start":{"line":282,"column":18},"end":{"line":283,"column":45}}],"line":268},"14":{"loc":{"start":{"line":292,"column":16},"end":{"line":306,"column":17}},"type":"switch","locations":[{"start":{"line":293,"column":18},"end":{"line":295,"column":110}},{"start":{"line":297,"column":18},"end":{"line":301,"column":102}},{"start":{"line":303,"column":18},"end":{"line":303,"column":25}},{"start":{"line":304,"column":18},"end":{"line":305,"column":45}}],"line":292},"15":{"loc":{"start":{"line":314,"column":16},"end":{"line":329,"column":17}},"type":"switch","locations":[{"start":{"line":315,"column":18},"end":{"line":317,"column":97}},{"start":{"line":319,"column":18},"end":{"line":324,"column":104}},{"start":{"line":326,"column":18},"end":{"line":326,"column":25}},{"start":{"line":327,"column":18},"end":{"line":328,"column":45}}],"line":314},"16":{"loc":{"start":{"line":337,"column":16},"end":{"line":354,"column":17}},"type":"switch","locations":[{"start":{"line":338,"column":18},"end":{"line":342,"column":23}},{"start":{"line":344,"column":18},"end":{"line":349,"column":105}},{"start":{"line":351,"column":18},"end":{"line":351,"column":25}},{"start":{"line":352,"column":18},"end":{"line":353,"column":45}}],"line":337},"17":{"loc":{"start":{"line":373,"column":8},"end":{"line":396,"column":9}},"type":"switch","locations":[{"start":{"line":374,"column":10},"end":{"line":376,"column":58}},{"start":{"line":378,"column":10},"end":{"line":381,"column":31}},{"start":{"line":383,"column":10},"end":{"line":385,"column":97}},{"start":{"line":387,"column":10},"end":{"line":391,"column":71}},{"start":{"line":393,"column":10},"end":{"line":393,"column":18}},{"start":{"line":394,"column":10},"end":{"line":395,"column":37}}],"line":373},"18":{"loc":{"start":{"line":405,"column":6},"end":{"line":534,"column":7}},"type":"switch","locations":[{"start":{"line":406,"column":8},"end":{"line":529,"column":53}},{"start":{"line":531,"column":8},"end":{"line":531,"column":15}},{"start":{"line":532,"column":8},"end":{"line":533,"column":35}}],"line":405},"19":{"loc":{"start":{"line":410,"column":16},"end":{"line":418,"column":17}},"type":"switch","locations":[{"start":{"line":411,"column":18},"end":{"line":413,"column":64}},{"start":{"line":415,"column":18},"end":{"line":415,"column":25}},{"start":{"line":416,"column":18},"end":{"line":417,"column":45}}],"line":410},"20":{"loc":{"start":{"line":425,"column":16},"end":{"line":433,"column":17}},"type":"switch","locations":[{"start":{"line":426,"column":18},"end":{"line":428,"column":64}},{"start":{"line":430,"column":18},"end":{"line":430,"column":25}},{"start":{"line":431,"column":18},"end":{"line":432,"column":45}}],"line":425},"21":{"loc":{"start":{"line":446,"column":16},"end":{"line":470,"column":17}},"type":"switch","locations":[{"start":{"line":447,"column":18},"end":{"line":449,"column":66}},{"start":{"line":451,"column":18},"end":{"line":454,"column":39}},{"start":{"line":456,"column":18},"end":{"line":458,"column":136}},{"start":{"line":460,"column":18},"end":{"line":465,"column":55}},{"start":{"line":467,"column":18},"end":{"line":467,"column":26}},{"start":{"line":468,"column":18},"end":{"line":469,"column":45}}],"line":446},"22":{"loc":{"start":{"line":478,"column":16},"end":{"line":499,"column":17}},"type":"switch","locations":[{"start":{"line":479,"column":18},"end":{"line":481,"column":66}},{"start":{"line":483,"column":18},"end":{"line":486,"column":39}},{"start":{"line":488,"column":18},"end":{"line":490,"column":121}},{"start":{"line":492,"column":18},"end":{"line":494,"column":56}},{"start":{"line":496,"column":18},"end":{"line":496,"column":25}},{"start":{"line":497,"column":18},"end":{"line":498,"column":45}}],"line":478},"23":{"loc":{"start":{"line":507,"column":16},"end":{"line":524,"column":17}},"type":"switch","locations":[{"start":{"line":508,"column":18},"end":{"line":510,"column":68}},{"start":{"line":512,"column":18},"end":{"line":515,"column":117}},{"start":{"line":517,"column":18},"end":{"line":519,"column":56}},{"start":{"line":521,"column":18},"end":{"line":521,"column":25}},{"start":{"line":522,"column":18},"end":{"line":523,"column":45}}],"line":507}},"s":{"0":1,"1":1,"2":1,"3":1,"4":1,"5":1,"6":1,"7":7,"8":78,"9":78,"10":78,"11":0,"12":0,"13":78,"14":33,"15":45,"16":21,"17":33,"18":33,"19":33,"20":33,"21":78,"22":0,"23":33,"24":1,"25":1,"26":1,"27":1,"28":1,"29":1,"30":1,"31":1,"32":1,"33":2,"34":2,"35":1,"36":1,"37":1,"38":1,"39":1,"40":1,"41":1,"42":1,"43":1,"44":1,"45":1,"46":1,"47":1,"48":5,"49":10,"50":10,"51":5,"52":5,"53":5,"54":1,"55":5,"56":10,"57":10,"58":5,"59":5,"60":5,"61":1,"62":1,"63":2,"64":2,"65":1,"66":1,"67":1,"68":1,"69":1,"70":1,"71":1,"72":1,"73":1,"74":1,"75":1,"76":1,"77":1,"78":2,"79":2,"80":1,"81":1,"82":1,"83":1,"84":1,"85":1,"86":1,"87":1,"88":1,"89":1,"90":1,"91":1,"92":1,"93":4,"94":4,"95":1,"96":1,"97":1,"98":1,"99":1,"100":1,"101":1,"102":1,"103":1,"104":1,"105":1,"106":1,"107":1,"108":1,"109":1,"110":1,"111":1,"112":1,"113":1,"114":4,"115":4,"116":1,"117":1,"118":1,"119":1,"120":1,"121":1,"122":1,"123":1,"124":1,"125":1,"126":1,"127":1,"128":1,"129":1,"130":1,"131":4,"132":4,"133":1,"134":1,"135":1,"136":1,"137":1,"138":1,"139":1,"140":1,"141":1,"142":1,"143":1,"144":1,"145":1,"146":1,"147":1,"148":1,"149":2,"150":2,"151":1,"152":1,"153":1,"154":2,"155":2,"156":1,"157":1,"158":1,"159":1,"160":1,"161":1,"162":1,"163":1,"164":1,"165":1,"166":1,"167":2,"168":2,"169":1,"170":1,"171":1,"172":1,"173":1,"174":1,"175":1,"176":1,"177":1,"178":2,"179":2,"180":1,"181":1,"182":1,"183":1,"184":1,"185":1,"186":1,"187":1,"188":1,"189":1,"190":2,"191":2,"192":1,"193":1,"194":1,"195":1,"196":1,"197":1,"198":1,"199":1,"200":1,"201":1,"202":1,"203":1,"204":1,"205":1,"206":4,"207":4,"208":1,"209":1,"210":1,"211":1,"212":1,"213":1,"214":1,"215":1,"216":1,"217":1,"218":1,"219":1,"220":1,"221":1,"222":2,"223":2,"224":1,"225":3,"226":6,"227":6,"228":3,"229":3,"230":3,"231":1,"232":3,"233":6,"234":6,"235":3,"236":3,"237":3,"238":1,"239":1,"240":1,"241":4,"242":4,"243":1,"244":1,"245":1,"246":1,"247":1,"248":1,"249":1,"250":1,"251":1,"252":1,"253":1,"254":1,"255":1,"256":1,"257":1,"258":4,"259":4,"260":1,"261":1,"262":1,"263":1,"264":1,"265":1,"266":1,"267":1,"268":1,"269":1,"270":1,"271":1,"272":3,"273":3,"274":1,"275":1,"276":1,"277":1,"278":1,"279":1,"280":1,"281":1,"282":1,"283":1,"284":1},"f":{"0":7,"1":78,"2":21,"3":33,"4":33,"5":78,"6":0,"7":1,"8":1,"9":2,"10":1,"11":1,"12":5,"13":10,"14":5,"15":10,"16":1,"17":2,"18":1,"19":2,"20":1,"21":4,"22":1,"23":4,"24":1,"25":4,"26":1,"27":2,"28":1,"29":2,"30":1,"31":2,"32":1,"33":2,"34":1,"35":2,"36":1,"37":1,"38":4,"39":1,"40":2,"41":3,"42":6,"43":3,"44":6,"45":1,"46":4,"47":1,"48":4,"49":1,"50":3},"b":{"0":[4,3],"1":[7,7],"2":[33,45],"3":[1,1,1,1],"4":[1,1,1],"5":[5,5,5],"6":[5,5,5],"7":[1,1,1,1],"8":[1,1,1,1],"9":[1,1,1,1,1,1],"10":[1,1,1,1,1,1],"11":[1,1,1,1,1,1],"12":[1,1,1],"13":[1,1,1,1],"14":[1,1,1,1],"15":[1,1,1,1],"16":[1,1,1,1],"17":[1,1,1,1,1,1],"18":[1,1,1],"19":[3,3,3],"20":[3,3,3],"21":[1,1,1,1,1,1],"22":[1,1,1,1,1,1],"23":[1,1,1,1,1]},"inputSourceMap":{"version":3,"sources":["blog.test.js"],"names":["it","mocha","describe","beforeEach","afterEach","expect","chai","mockPost","title","body","app","get","res","status","to","be","equal","a","have","property","Post","deleteMany","post","send","data","posts","create","save","_id","postUpdate","patch","email","email1","Subscriber","put","success","message","mockComment","name","Comment","comment"],"mappings":";;AAAA;;AACA;;AACA;;AACA;;AACA;;AACA;;AACA;;;;;;;;IAEQA,E,GAAwCC,iB,CAAxCD,E;IAAIE,Q,GAAoCD,iB,CAApCC,Q;IAAUC,U,GAA0BF,iB,CAA1BE,U;IAAYC,S,GAAcH,iB,CAAdG,S;IAC1BC,M,GAAWC,gB,CAAXD,M;AAER,IAAME,QAAQ,GAAG;AACfC,EAAAA,KAAK,EAAE,gCADQ;AAEfC,EAAAA,IAAI,EAAE;AAFS,CAAjB;AAKAP,QAAQ,CAAC,eAAD,EAAkB,YAAM;AAC9BF,EAAAA,EAAE,CAAC,sCAAD,uEAAyC;AAAA;AAAA;AAAA;AAAA;AAAA;AAAA;AAAA,mBACvB,2BAAQU,iBAAR,EAAaC,GAAb,CAAiB,UAAjB,CADuB;;AAAA;AACnCC,YAAAA,GADmC;AAEzCP,YAAAA,MAAM,CAACO,GAAG,CAACC,MAAL,CAAN,CAAmBC,EAAnB,CAAsBC,EAAtB,CAAyBC,KAAzB,CAA+B,GAA/B;AACAX,YAAAA,MAAM,CAACO,GAAG,CAACH,IAAL,CAAN,CAAiBK,EAAjB,CAAoBC,EAApB,CAAuBE,CAAvB,CAAyB,QAAzB;AACAZ,YAAAA,MAAM,CAACO,GAAG,CAACH,IAAL,CAAN,CAAiBK,EAAjB,CAAoBC,EAApB,CAAuBG,IAAvB,CAA4BC,QAA5B,CAAqC,SAArC,EAAgD,KAAhD;AACAd,YAAAA,MAAM,CAACO,GAAG,CAACH,IAAL,CAAN,CAAiBK,EAAjB,CAAoBC,EAApB,CAAuBG,IAAvB,CAA4BC,QAA5B,CAAqC,SAArC,EAAgD,iBAAhD;;AALyC;AAAA;AAAA;AAAA;AAAA;AAAA;AAAA,GAAzC,GAAF;AAOD,CARO,CAAR;AAUAjB,QAAQ,CAAC,qBAAD,uEAAwB;AAAA;AAAA;AAAA;AAAA;AAC9BC,UAAAA,UAAU,uEAAC;AAAA;AAAA;AAAA;AAAA;AAAA;AAAA,2BACHiB,sBAAKC,UAAL,CAAgB,EAAhB,CADG;;AAAA;AAAA;AAAA;AAAA;AAAA;AAAA;AAAA,WAAD,GAAV;AAIAjB,UAAAA,SAAS,uEAAC;AAAA;AAAA;AAAA;AAAA;AAAA;AAAA,2BACFgB,sBAAKC,UAAL,CAAgB,EAAhB,CADE;;AAAA;AAAA;AAAA;AAAA;AAAA;AAAA;AAAA,WAAD,GAAT;AAIArB,UAAAA,EAAE,CAAC,sBAAD,uEAAyB;AAAA;AAAA;AAAA;AAAA;AAAA;AAAA;AAAA,2BACP,2BAAQU,iBAAR,EAAaY,IAAb,CAAkB,QAAlB,EAA4BC,IAA5B,CAAiChB,QAAjC,CADO;;AAAA;AACnBK,oBAAAA,GADmB;AAEzBP,oBAAAA,MAAM,CAACO,GAAG,CAACC,MAAL,CAAN,CAAmBC,EAAnB,CAAsBC,EAAtB,CAAyBC,KAAzB,CAA+B,GAA/B;AACAX,oBAAAA,MAAM,CAACO,GAAG,CAACH,IAAL,CAAN,CAAiBK,EAAjB,CAAoBC,EAApB,CAAuBG,IAAvB,CAA4BC,QAA5B,CACE,SADF,EAEE,+BAFF;AAIAd,oBAAAA,MAAM,CAACO,GAAG,CAACH,IAAL,CAAN,CAAiBK,EAAjB,CAAoBC,EAApB,CAAuBG,IAAvB,CAA4BC,QAA5B,CAAqC,MAArC;AACAd,oBAAAA,MAAM,CAACO,GAAG,CAACH,IAAJ,CAASe,IAAV,CAAN,CAAsBV,EAAtB,CAAyBC,EAAzB,CAA4BE,CAA5B,CAA8B,QAA9B;AACAZ,oBAAAA,MAAM,CAACO,GAAG,CAACH,IAAJ,CAASe,IAAV,CAAN,CAAsBV,EAAtB,CAAyBC,EAAzB,CAA4BG,IAA5B,CAAiCC,QAAjC,CAA0C,OAA1C;AACAd,oBAAAA,MAAM,CAACO,GAAG,CAACH,IAAJ,CAASe,IAAV,CAAN,CAAsBV,EAAtB,CAAyBC,EAAzB,CAA4BG,IAA5B,CAAiCC,QAAjC,CAA0C,MAA1C;AACAd,oBAAAA,MAAM,CAACO,GAAG,CAACH,IAAJ,CAASe,IAAV,CAAN,CAAsBV,EAAtB,CAAyBC,EAAzB,CAA4BG,IAA5B,CAAiCC,QAAjC,CAA0C,UAA1C;;AAXyB;AAAA;AAAA;AAAA;AAAA;AAAA;AAAA,WAAzB,GAAF;AAcAnB,UAAAA,EAAE,CAAC,oCAAD,uEAAuC;AAAA;AAAA;AAAA;AAAA;AAAA;AAAA;AAAA,2BACrB,2BAAQU,iBAAR,EAAaC,GAAb,CAAiB,QAAjB,CADqB;;AAAA;AACjCC,oBAAAA,GADiC;AAEvCP,oBAAAA,MAAM,CAACO,GAAG,CAACC,MAAL,CAAN,CAAmBC,EAAnB,CAAsBC,EAAtB,CAAyBC,KAAzB,CAA+B,GAA/B;AACAX,oBAAAA,MAAM,CAACO,GAAG,CAACH,IAAL,CAAN,CAAiBK,EAAjB,CAAoBI,IAApB,CAAyBC,QAAzB,CAAkC,SAAlC,EAA6C,6BAA7C;AACAd,oBAAAA,MAAM,CAACO,GAAG,CAACH,IAAL,CAAN,CAAiBK,EAAjB,CAAoBI,IAApB,CAAyBC,QAAzB,CAAkC,SAAlC,EAA6C,IAA7C;AACAd,oBAAAA,MAAM,CAACO,GAAG,CAACH,IAAL,CAAN,CAAiBK,EAAjB,CAAoBC,EAApB,CAAuBE,CAAvB,CAAyB,QAAzB;AACAZ,oBAAAA,MAAM,CAACO,GAAG,CAACH,IAAJ,CAASe,IAAV,CAAN,CAAsBV,EAAtB,CAAyBC,EAAzB,CAA4BE,CAA5B,CAA8B,QAA9B;AACAZ,oBAAAA,MAAM,CAACO,GAAG,CAACH,IAAJ,CAASe,IAAV,CAAN,CAAsBV,EAAtB,CAAyBI,IAAzB,CAA8BC,QAA9B,CAAuC,OAAvC;AACAd,oBAAAA,MAAM,CAACO,GAAG,CAACH,IAAJ,CAASe,IAAT,CAAcC,KAAf,CAAN,CAA4BX,EAA5B,CAA+BC,EAA/B,CAAkCE,CAAlC,CAAoC,OAApC;;AARuC;AAAA;AAAA;AAAA;AAAA;AAAA;AAAA,WAAvC,GAAF;AAWAjB,UAAAA,EAAE,CAAC,qBAAD,uEAAwB;AAAA;AAAA;AAAA;AAAA;AAAA;AAAA;AAAA,2BACLoB,sBAAKM,MAAL,CAAYnB,QAAZ,CADK;;AAAA;AAClBe,oBAAAA,IADkB;AAAA;AAAA,2BAElBA,IAAI,CAACK,IAAL,EAFkB;;AAAA;AAAA;AAAA,2BAIN,2BAAQjB,iBAAR,EAAaC,GAAb,kBAA2BW,IAAI,CAACM,GAAhC,EAJM;;AAAA;AAIlBhB,oBAAAA,GAJkB;AAKxBP,oBAAAA,MAAM,CAACO,GAAG,CAACC,MAAL,CAAN,CAAmBC,EAAnB,CAAsBC,EAAtB,CAAyBC,KAAzB,CAA+B,GAA/B;AACAX,oBAAAA,MAAM,CAACO,GAAG,CAACH,IAAL,CAAN,CAAiBK,EAAjB,CAAoBI,IAApB,CAAyBC,QAAzB,CAAkC,SAAlC,EAA6C,IAA7C;AACAd,oBAAAA,MAAM,CAACO,GAAG,CAACH,IAAL,CAAN,CAAiBK,EAAjB,CAAoBI,IAApB,CAAyBC,QAAzB,CAAkC,SAAlC,EAA6C,uBAA7C;AACAd,oBAAAA,MAAM,CAACO,GAAG,CAACH,IAAL,CAAN,CAAiBK,EAAjB,CAAoBI,IAApB,CAAyBC,QAAzB,CAAkC,MAAlC;AACAd,oBAAAA,MAAM,CAACO,GAAG,CAACH,IAAJ,CAASe,IAAV,CAAN,CAAsBV,EAAtB,CAAyBC,EAAzB,CAA4BE,CAA5B,CAA8B,QAA9B;AACAZ,oBAAAA,MAAM,CAACO,GAAG,CAACH,IAAJ,CAASe,IAAV,CAAN,CAAsBV,EAAtB,CAAyBI,IAAzB,CAA8BC,QAA9B,CAAuC,MAAvC;AACAd,oBAAAA,MAAM,CAACO,GAAG,CAACH,IAAJ,CAASe,IAAV,CAAN,CAAsBV,EAAtB,CAAyBI,IAAzB,CAA8BC,QAA9B,CAAuC,OAAvC;AACAd,oBAAAA,MAAM,CAACO,GAAG,CAACH,IAAJ,CAASe,IAAV,CAAN,CAAsBV,EAAtB,CAAyBI,IAAzB,CAA8BC,QAA9B,CAAuC,KAAvC;;AAZwB;AAAA;AAAA;AAAA;AAAA;AAAA;AAAA,WAAxB,GAAF;AAeAnB,UAAAA,EAAE,CAAC,sBAAD,uEAAyB;AAAA;AAAA;AAAA;AAAA;AAAA;AAAA;AAAA,2BACNoB,sBAAKM,MAAL,CAAYnB,QAAZ,CADM;;AAAA;AACnBe,oBAAAA,IADmB;AAAA;AAAA,2BAEnBA,IAAI,CAACK,IAAL,EAFmB;;AAAA;AAAA;AAAA,2BAIP,2BAAQjB,iBAAR,6BAA8BY,IAAI,CAACM,GAAnC,EAJO;;AAAA;AAInBhB,oBAAAA,GAJmB;AAKzBP,oBAAAA,MAAM,CAACO,GAAG,CAACC,MAAL,CAAN,CAAmBC,EAAnB,CAAsBC,EAAtB,CAAyBC,KAAzB,CAA+B,GAA/B;AACAX,oBAAAA,MAAM,CAACO,GAAG,CAACH,IAAL,CAAN,CAAiBK,EAAjB,CAAoBI,IAApB,CAAyBC,QAAzB,CAAkC,SAAlC,EAA6C,IAA7C;AACAd,oBAAAA,MAAM,CAACO,GAAG,CAACH,IAAL,CAAN,CAAiBK,EAAjB,CAAoBC,EAApB,CAAuBE,CAAvB,CAAyB,QAAzB;AACAZ,oBAAAA,MAAM,CAACO,GAAG,CAACH,IAAL,CAAN,CAAiBK,EAAjB,CAAoBI,IAApB,CAAyBC,QAAzB,CAAkC,SAAlC,EAA6C,2BAA7C;;AARyB;AAAA;AAAA;AAAA;AAAA;AAAA;AAAA,WAAzB,GAAF;AAWAnB,UAAAA,EAAE,CAAC,sBAAD,uEAAyB;AAAA;AAAA;AAAA;AAAA;AAAA;AACnB6B,oBAAAA,UADmB,GACN;AACjBrB,sBAAAA,KAAK,EAAE,mCADU;AAEjBC,sBAAAA,IAAI,EAAE;AAFW,qBADM;AAAA;AAAA,2BAKNW,sBAAKM,MAAL,CAAYnB,QAAZ,CALM;;AAAA;AAKnBe,oBAAAA,IALmB;AAAA;AAAA,2BAMnBA,IAAI,CAACK,IAAL,EANmB;;AAAA;AAAA;AAAA,2BAQP,2BAAQjB,iBAAR,EAAaoB,KAAb,kBAA6BR,IAAI,CAACM,GAAlC,GAAyCL,IAAzC,CAA8CM,UAA9C,CARO;;AAAA;AAQnBjB,oBAAAA,GARmB;AASzBP,oBAAAA,MAAM,CAACO,GAAG,CAACC,MAAL,CAAN,CAAmBC,EAAnB,CAAsBC,EAAtB,CAAyBC,KAAzB,CAA+B,GAA/B;AACAX,oBAAAA,MAAM,CAACO,GAAG,CAACH,IAAL,CAAN,CAAiBK,EAAjB,CAAoBI,IAApB,CAAyBC,QAAzB,CAAkC,SAAlC,EAA6C,IAA7C;AACAd,oBAAAA,MAAM,CAACO,GAAG,CAACH,IAAL,CAAN,CAAiBK,EAAjB,CAAoBI,IAApB,CAAyBC,QAAzB,CAAkC,SAAlC,EAA6C,2BAA7C;;AAXyB;AAAA;AAAA;AAAA;AAAA;AAAA;AAAA,WAAzB,GAAF;;AA5D8B;AAAA;AAAA;AAAA;AAAA;AAAA;AAAA,CAAxB,GAAR;AA2EAjB,QAAQ,CAAC,0BAAD,uEAA6B;AAAA;AAAA;AAAA;AAAA;AAAA;AAC7B6B,UAAAA,KAD6B,GACrB;AACZA,YAAAA,KAAK,EAAE;AADK,WADqB;AAKnC/B,UAAAA,EAAE,CAAC,mBAAD,uEAAsB;AAAA;AAAA;AAAA;AAAA;AAAA;AAAA;AAAA,2BACJ,2BAAQU,iBAAR,EAAaY,IAAb,CAAkB,kBAAlB,EAAsCC,IAAtC,CAA2CQ,KAA3C,CADI;;AAAA;AAChBnB,oBAAAA,GADgB;AAEtBP,oBAAAA,MAAM,CAACO,GAAG,CAACC,MAAL,CAAN,CAAmBC,EAAnB,CAAsBC,EAAtB,CAAyBC,KAAzB,CAA+B,GAA/B;AACAX,oBAAAA,MAAM,CAACO,GAAG,CAACH,IAAL,CAAN,CAAiBK,EAAjB,CAAoBI,IAApB,CAAyBC,QAAzB,CAAkC,SAAlC,EAA6C,IAA7C;AACAd,oBAAAA,MAAM,CAACO,GAAG,CAACH,IAAL,CAAN,CAAiBK,EAAjB,CAAoBI,IAApB,CAAyBC,QAAzB,CAAkC,SAAlC,EAA6C,yBAA7C;AACAd,oBAAAA,MAAM,CAACO,GAAG,CAACH,IAAJ,CAASe,IAAV,CAAN,CAAsBV,EAAtB,CAAyBG,CAAzB,CAA2B,QAA3B;AACAZ,oBAAAA,MAAM,CAACO,GAAG,CAACH,IAAJ,CAASe,IAAV,CAAN,CAAsBV,EAAtB,CAAyBI,IAAzB,CAA8BC,QAA9B,CAAuC,OAAvC;;AANsB;AAAA;AAAA;AAAA;AAAA;AAAA;AAAA,WAAtB,GAAF;AASAnB,UAAAA,EAAE,CAAC,2CAAD,uEAA8C;AAAA;AAAA;AAAA;AAAA;AAAA;AAAA;AAAA,2BAC5B,2BAAQU,iBAAR,EAAaY,IAAb,CAAkB,kBAAlB,EAAsCC,IAAtC,CAA2CQ,KAA3C,CAD4B;;AAAA;AACxCnB,oBAAAA,GADwC;AAE9CP,oBAAAA,MAAM,CAACO,GAAG,CAACC,MAAL,CAAN,CAAmBC,EAAnB,CAAsBC,EAAtB,CAAyBC,KAAzB,CAA+B,GAA/B;AACAX,oBAAAA,MAAM,CAACO,GAAG,CAACH,IAAL,CAAN,CAAiBK,EAAjB,CAAoBI,IAApB,CAAyBC,QAAzB,CAAkC,SAAlC,EAA6C,KAA7C;AACAd,oBAAAA,MAAM,CAACO,GAAG,CAACH,IAAL,CAAN,CAAiBK,EAAjB,CAAoBI,IAApB,CAAyBC,QAAzB,CACE,SADF,EAEE,mCAFF;;AAJ8C;AAAA;AAAA;AAAA;AAAA;AAAA;AAAA,WAA9C,GAAF;AAUAnB,UAAAA,EAAE,CAAC,4BAAD,uEAA+B;AAAA;AAAA;AAAA;AAAA;AAAA;AAAA;AAAA,2BACb,2BAAQU,iBAAR,EAAaC,GAAb,CAAiB,kBAAjB,CADa;;AAAA;AACzBC,oBAAAA,GADyB;AAE/BP,oBAAAA,MAAM,CAACO,GAAG,CAACC,MAAL,CAAN,CAAmBC,EAAnB,CAAsBC,EAAtB,CAAyBC,KAAzB,CAA+B,GAA/B;AACAX,oBAAAA,MAAM,CAACO,GAAG,CAACH,IAAL,CAAN,CAAiBK,EAAjB,CAAoBI,IAApB,CAAyBC,QAAzB,CAAkC,SAAlC,EAA6C,IAA7C;AACAd,oBAAAA,MAAM,CAACO,GAAG,CAACH,IAAJ,CAASe,IAAV,CAAN,CAAsBV,EAAtB,CAAyBC,EAAzB,CAA4BE,CAA5B,CAA8B,QAA9B;AACAZ,oBAAAA,MAAM,CAACO,GAAG,CAACH,IAAL,CAAN,CAAiBK,EAAjB,CAAoBI,IAApB,CAAyBC,QAAzB,CACE,SADF,EAEE,qCAFF;;AAL+B;AAAA;AAAA;AAAA;AAAA;AAAA;AAAA,WAA/B,GAAF;AAWAnB,UAAAA,EAAE,CAAC,yCAAD,uEAA4C;AAAA;AAAA;AAAA;AAAA;AAAA;AAAA;AAAA,2BAC1B,2BAAQU,iBAAR,EAAaY,IAAb,CAAkB,kBAAlB,EAAsCC,IAAtC,CAA2C;AAC3DS,sBAAAA,MAAM,EAAE;AADmD,qBAA3C,CAD0B;;AAAA;AACtCpB,oBAAAA,GADsC;AAI5CP,oBAAAA,MAAM,CAACO,GAAG,CAACC,MAAL,CAAN,CAAmBC,EAAnB,CAAsBC,EAAtB,CAAyBC,KAAzB,CAA+B,GAA/B;AACAX,oBAAAA,MAAM,CAACO,GAAG,CAACH,IAAL,CAAN,CAAiBK,EAAjB,CAAoBC,EAApB,CAAuBG,IAAvB,CAA4BC,QAA5B,CAAqC,SAArC,EAAgD,KAAhD;AACAd,oBAAAA,MAAM,CAACO,GAAG,CAACH,IAAL,CAAN,CAAiBK,EAAjB,CAAoBC,EAApB,CAAuBE,CAAvB,CAAyB,QAAzB;AACAZ,oBAAAA,MAAM,CAACO,GAAG,CAACH,IAAL,CAAN,CAAiBK,EAAjB,CAAoBC,EAApB,CAAuBG,IAAvB,CAA4BC,QAA5B,CACE,SADF,EAEE,mCAFF;;AAP4C;AAAA;AAAA;AAAA;AAAA;AAAA;AAAA,WAA5C,GAAF;AAnCmC;AAAA,iBA+C7Bc,wBAAWZ,UAAX,CAAsB,EAAtB,CA/C6B;;AAAA;AAAA;AAAA;AAAA;AAAA;AAAA;AAAA,CAA7B,GAAR;AAkDAnB,QAAQ,CAAC,oBAAD,EAAuB,YAAM;AACnCF,EAAAA,EAAE,CAAC,uBAAD,uEAA0B;AAAA;AAAA;AAAA;AAAA;AAAA;AAAA;AAAA,mBACPoB,sBAAKM,MAAL,CAAYnB,QAAZ,CADO;;AAAA;AACpBe,YAAAA,IADoB;AAAA;AAAA,mBAEpBA,IAAI,CAACK,IAAL,EAFoB;;AAAA;AAAA;AAAA,mBAGR,2BAAQjB,iBAAR,EAAawB,GAAb,kBAA2BZ,IAAI,CAACM,GAAhC,EAHQ;;AAAA;AAGpBhB,YAAAA,GAHoB;AAI1BP,YAAAA,MAAM,CAACO,GAAG,CAACC,MAAL,CAAN,CAAmBC,EAAnB,CAAsBC,EAAtB,CAAyBC,KAAzB,CAA+B,GAA/B;AACAX,YAAAA,MAAM,CAACO,GAAG,CAACH,IAAJ,CAAS0B,OAAV,CAAN,CAAyBrB,EAAzB,CAA4BC,EAA5B,CAA+BC,KAA/B,CAAqC,IAArC;AACAX,YAAAA,MAAM,CAACO,GAAG,CAACH,IAAJ,CAAS2B,OAAV,CAAN,CAAyBtB,EAAzB,CAA4BC,EAA5B,CAA+BC,KAA/B,CAAqC,oBAArC;;AAN0B;AAAA;AAAA;AAAA;AAAA;AAAA;AAAA,GAA1B,GAAF;AAQD,CATO,CAAR;AAWAd,QAAQ,CAAC,yBAAD,uEAA4B;AAAA;AAAA;AAAA;AAAA;AAAA;AAClCC,UAAAA,UAAU,uEAAC;AAAA;AAAA;AAAA;AAAA;AAAA;AAAA,2BACHiB,sBAAKC,UAAL,CAAgB,EAAhB,CADG;;AAAA;AAAA;AAAA;AAAA;AAAA;AAAA;AAAA,WAAD,GAAV;AAGAjB,UAAAA,SAAS,uEAAC;AAAA;AAAA;AAAA;AAAA;AAAA;AAAA,2BACFgB,sBAAKC,UAAL,CAAgB,EAAhB,CADE;;AAAA;AAAA;AAAA;AAAA;AAAA;AAAA;AAAA,WAAD,GAAT;AAGMgB,UAAAA,WAP4B,GAOd;AAClBC,YAAAA,IAAI,EAAE,QADY;AAElBP,YAAAA,KAAK,EAAE,kBAFW;AAGlBK,YAAAA,OAAO,EAAE;AAHS,WAPc;AAYlCpC,UAAAA,EAAE,CAAC,wBAAD,uEAA2B;AAAA;AAAA;AAAA;AAAA;AAAA;AAAA;AAAA,2BACRoB,sBAAKM,MAAL,CAAYnB,QAAZ,CADQ;;AAAA;AACrBe,oBAAAA,IADqB;AAAA;AAAA,2BAErBA,IAAI,CAACK,IAAL,EAFqB;;AAAA;AAAA;AAAA,2BAGT,2BAAQjB,iBAAR,EACfY,IADe,kBACAA,IAAI,CAACM,GADL,eAEfL,IAFe,CAEVc,WAFU,CAHS;;AAAA;AAGrBzB,oBAAAA,GAHqB;AAM3BP,oBAAAA,MAAM,CAACO,GAAG,CAACC,MAAL,CAAN,CAAmBC,EAAnB,CAAsBC,EAAtB,CAAyBC,KAAzB,CAA+B,GAA/B;AACAX,oBAAAA,MAAM,CAACO,GAAG,CAACH,IAAL,CAAN,CAAiBK,EAAjB,CAAoBI,IAApB,CAAyBC,QAAzB,CAAkC,SAAlC,EAA6C,IAA7C;AACAd,oBAAAA,MAAM,CAACO,GAAG,CAACH,IAAL,CAAN,CAAiBK,EAAjB,CAAoBI,IAApB,CAAyBC,QAAzB,CAAkC,SAAlC,EAA6C,wBAA7C;AACAd,oBAAAA,MAAM,CAACO,GAAG,CAACH,IAAL,CAAN,CAAiBK,EAAjB,CAAoBC,EAApB,CAAuBE,CAAvB,CAAyB,QAAzB;;AAT2B;AAAA;AAAA;AAAA;AAAA;AAAA;AAAA,WAA3B,GAAF;AAYAjB,UAAAA,EAAE,CAAC,mCAAD,uEAAsC;AAAA;AAAA;AAAA;AAAA;AAAA;AAAA;AAAA,2BACnBoB,sBAAKM,MAAL,CAAYnB,QAAZ,CADmB;;AAAA;AAChCe,oBAAAA,IADgC;AAAA;AAAA,2BAEhCA,IAAI,CAACK,IAAL,EAFgC;;AAAA;AAAA;AAAA,2BAGpB,2BAAQjB,iBAAR,EAAaC,GAAb,kBAA2BW,IAAI,CAACM,GAAhC,kBAHoB;;AAAA;AAGhChB,oBAAAA,GAHgC;AAItCP,oBAAAA,MAAM,CAACO,GAAG,CAACC,MAAL,CAAN,CAAmBC,EAAnB,CAAsBC,EAAtB,CAAyBC,KAAzB,CAA+B,GAA/B;;AAJsC;AAAA;AAAA;AAAA;AAAA;AAAA;AAAA,WAAtC,GAAF;AAOAhB,UAAAA,EAAE,CAAC,0BAAD,uEAA6B;AAAA;AAAA;AAAA;AAAA;AAAA;AAAA;AAAA,2BACPuC,qBAAQb,MAAR,CAAeW,WAAf,CADO;;AAAA;AACvBG,oBAAAA,OADuB;AAAA;AAAA,2BAEX,2BAAQ9B,iBAAR,EAAaC,GAAb,2BAAoC6B,OAAO,CAACZ,GAA5C,EAFW;;AAAA;AAEvBhB,oBAAAA,GAFuB;AAG7BP,oBAAAA,MAAM,CAACO,GAAG,CAACC,MAAL,CAAN,CAAmBC,EAAnB,CAAsBC,EAAtB,CAAyBC,KAAzB,CAA+B,GAA/B;;AAH6B;AAAA;AAAA;AAAA;AAAA;AAAA;AAAA,WAA7B,GAAF;AA/BkC;AAAA,iBAqC5BuB,qBAAQlB,UAAR,CAAmB,EAAnB,CArC4B;;AAAA;AAAA;AAAA;AAAA;AAAA;AAAA;AAAA,CAA5B,GAAR","sourceRoot":"/Users/andela/Desktop/Issa/My-brand-server/src/tests/","sourcesContent":["import mocha from 'mocha';\nimport chai from 'chai';\nimport request from 'supertest';\nimport app from '../index.js';\nimport Post from '../models/blogModel.js';\nimport Subscriber from '../models/subscribers.js';\nimport Comment from '../models/comments.js';\n\nconst { it, describe, beforeEach, afterEach } = mocha;\nconst { expect } = chai;\n\nconst mockPost = {\n  title: 'this is a title and it worksn2',\n  body: 'this is testing body',\n};\n\ndescribe('Unknown route', () => {\n  it('Should return Not found(any request)', async () => {\n    const res = await request(app).get('/unknown');\n    expect(res.status).to.be.equal(404);\n    expect(res.body).to.be.a('object');\n    expect(res.body).to.be.have.property('success', false);\n    expect(res.body).to.be.have.property('message', 'Route not found');\n  });\n});\n\ndescribe('Post related tests:', async () => {\n  beforeEach(async () => {\n    await Post.deleteMany({});\n  });\n\n  afterEach(async () => {\n    await Post.deleteMany({});\n  });\n\n  it('Should create a post', async () => {\n    const res = await request(app).post('/blogs').send(mockPost);\n    expect(res.status).to.be.equal(201);\n    expect(res.body).to.be.have.property(\n      'message',\n      'new post created successfully',\n    );\n    expect(res.body).to.be.have.property('data');\n    expect(res.body.data).to.be.a('object');\n    expect(res.body.data).to.be.have.property('title');\n    expect(res.body.data).to.be.have.property('body');\n    expect(res.body.data).to.be.have.property('comments');\n  });\n\n  it('Should Get all Blogs from database', async () => {\n    const res = await request(app).get('/blogs');\n    expect(res.status).to.be.equal(200);\n    expect(res.body).to.have.property('message', 'successfully read all posts');\n    expect(res.body).to.have.property('success', true);\n    expect(res.body).to.be.a('object');\n    expect(res.body.data).to.be.a('object');\n    expect(res.body.data).to.have.property('posts');\n    expect(res.body.data.posts).to.be.a('array');\n  });\n\n  it('Should get one post', async () => {\n    const post = await Post.create(mockPost);\n    await post.save();\n\n    const res = await request(app).get(`/blogs/${post._id}`);\n    expect(res.status).to.be.equal(200);\n    expect(res.body).to.have.property('success', true);\n    expect(res.body).to.have.property('message', 'post got successfully');\n    expect(res.body).to.have.property('data');\n    expect(res.body.data).to.be.a('object');\n    expect(res.body.data).to.have.property('body');\n    expect(res.body.data).to.have.property('title');\n    expect(res.body.data).to.have.property('_id');\n  });\n\n  it('Should delete a post', async () => {\n    const post = await Post.create(mockPost);\n    await post.save();\n\n    const res = await request(app).delete(`/blogs/${post._id}`);\n    expect(res.status).to.be.equal(200);\n    expect(res.body).to.have.property('success', true);\n    expect(res.body).to.be.a('object');\n    expect(res.body).to.have.property('message', 'Deleted post successfully');\n  });\n\n  it('Should update a post', async () => {\n    const postUpdate = {\n      title: 'this is a title and it is updated',\n      body: 'this is testing body',\n    };\n    const post = await Post.create(mockPost);\n    await post.save();\n\n    const res = await request(app).patch(`/blogs/${post._id}`).send(postUpdate);\n    expect(res.status).to.be.equal(201);\n    expect(res.body).to.have.property('success', true);\n    expect(res.body).to.have.property('message', 'Updated post successfully');\n  });\n});\n\ndescribe('Subscribe related tests:', async () => {\n  const email = {\n    email: 'fakeemail@gmail.com',\n  };\n\n  it('Should Subscribe ', async () => {\n    const res = await request(app).post('/blogs/subscribe').send(email);\n    expect(res.status).to.be.equal(201);\n    expect(res.body).to.have.property('success', true);\n    expect(res.body).to.have.property('message', 'Subscribed successfully');\n    expect(res.body.data).to.a('object');\n    expect(res.body.data).to.have.property('email');\n  });\n\n  it('Should fail to Subscribe (duplicate key) ', async () => {\n    const res = await request(app).post('/blogs/subscribe').send(email);\n    expect(res.status).to.be.equal(500);\n    expect(res.body).to.have.property('success', false);\n    expect(res.body).to.have.property(\n      'message',\n      'There was error while subscribing',\n    );\n  });\n\n  it('Should get all subscribers', async () => {\n    const res = await request(app).get('/blogs/subscribe');\n    expect(res.status).to.be.equal(200);\n    expect(res.body).to.have.property('success', true);\n    expect(res.body.data).to.be.a('object');\n    expect(res.body).to.have.property(\n      'message',\n      'fetched all subscriber successfully',\n    );\n  });\n\n  it('Should fail to subscribe(no email sent)', async () => {\n    const res = await request(app).post('/blogs/subscribe').send({\n      email1: 'hello@gmail.com',\n    });\n    expect(res.status).to.be.equal(500);\n    expect(res.body).to.be.have.property('success', false);\n    expect(res.body).to.be.a('object');\n    expect(res.body).to.be.have.property(\n      'message',\n      'There was error while subscribing',\n    );\n  });\n  await Subscriber.deleteMany({});\n});\n\ndescribe('Like related tests', () => {\n  it('Should like on a post', async () => {\n    const post = await Post.create(mockPost);\n    await post.save();\n    const res = await request(app).put(`/blogs/${post._id}`);\n    expect(res.status).to.be.equal(200);\n    expect(res.body.success).to.be.equal(true);\n    expect(res.body.message).to.be.equal('successfully liked');\n  });\n});\n\ndescribe('Comments related tests:', async () => {\n  beforeEach(async () => {\n    await Post.deleteMany({});\n  });\n  afterEach(async () => {\n    await Post.deleteMany({});\n  });\n  const mockComment = {\n    name: 'rukara',\n    email: 'rukara@gmail.com',\n    message: 'this is a message',\n  };\n  it('Should comment on post', async () => {\n    const post = await Post.create(mockPost);\n    await post.save();\n    const res = await request(app)\n      .post(`/blogs/${post._id}/comment`)\n      .send(mockComment);\n    expect(res.status).to.be.equal(201);\n    expect(res.body).to.have.property('success', true);\n    expect(res.body).to.have.property('message', 'successfully commented');\n    expect(res.body).to.be.a('object');\n  });\n\n  it('Should get all comments on a post', async () => {\n    const post = await Post.create(mockPost);\n    await post.save();\n    const res = await request(app).get(`/blogs/${post._id}/allComments`);\n    expect(res.status).to.be.equal(200);\n  });\n\n  it('Should get one comments ', async () => {\n    const comment = await Comment.create(mockComment);\n    const res = await request(app).get(`/blogs/comments/${comment._id}`);\n    expect(res.status).to.be.equal(200);\n  });\n\n  await Comment.deleteMany({});\n});\n"]},"_coverageSchema":"1a1c01bbd47fc00a2c39e90264f33305004495a9","hash":"ef185e8ba8699ecc173ec4f3c0285a31c4e3229f","contentHash":"1246b8864318d75cb8eb0d9cb64cb54133705f59e1ad3f8de7a37ef8ec8f31b0"},"/Users/andela/Desktop/Issa/My-brand-server/src/routes/blogRouter.js":{"path":"/Users/andela/Desktop/Issa/My-brand-server/src/routes/blogRouter.js","statementMap":{"0":{"start":{"line":3,"column":0},"end":{"line":5,"column":3}},"1":{"start":{"line":6,"column":0},"end":{"line":6,"column":28}},"2":{"start":{"line":8,"column":15},"end":{"line":8,"column":57}},"3":{"start":{"line":10,"column":17},"end":{"line":10,"column":55}},"4":{"start":{"line":12,"column":39},"end":{"line":12,"column":95}},"5":{"start":{"line":15,"column":13},"end":{"line":15,"column":41}},"6":{"start":{"line":17,"column":0},"end":{"line":17,"column":74}},"7":{"start":{"line":18,"column":0},"end":{"line":18,"column":88}},"8":{"start":{"line":19,"column":0},"end":{"line":19,"column":131}},"9":{"start":{"line":20,"column":0},"end":{"line":20,"column":54}},"10":{"start":{"line":21,"column":0},"end":{"line":21,"column":70}},"11":{"start":{"line":22,"column":0},"end":{"line":22,"column":57}},"12":{"start":{"line":23,"column":15},"end":{"line":23,"column":21}},"13":{"start":{"line":24,"column":0},"end":{"line":24,"column":30}}},"fnMap":{"0":{"name":"_interopRequireDefault","decl":{"start":{"line":12,"column":9},"end":{"line":12,"column":31}},"loc":{"start":{"line":12,"column":37},"end":{"line":12,"column":97}},"line":12}},"branchMap":{"0":{"loc":{"start":{"line":12,"column":46},"end":{"line":12,"column":94}},"type":"cond-expr","locations":[{"start":{"line":12,"column":70},"end":{"line":12,"column":73}},{"start":{"line":12,"column":76},"end":{"line":12,"column":94}}],"line":12},"1":{"loc":{"start":{"line":12,"column":46},"end":{"line":12,"column":67}},"type":"binary-expr","locations":[{"start":{"line":12,"column":46},"end":{"line":12,"column":49}},{"start":{"line":12,"column":53},"end":{"line":12,"column":67}}],"line":12}},"s":{"0":1,"1":1,"2":1,"3":1,"4":1,"5":1,"6":1,"7":1,"8":1,"9":1,"10":1,"11":1,"12":1,"13":1},"f":{"0":1},"b":{"0":[0,1],"1":[1,1]},"inputSourceMap":{"version":3,"sources":["blogRouter.js"],"names":["router","express","Router","route","post","createPost","get","getAllPosts","subscribe","getAllSubscribers","deletePost","getOnePost","patch","updatePost","put","like","comment","getAllCommentsOnPost","oneComment"],"mappings":";;;;;;;AAAA;;AACA;;;;AAaA;AAEA,IAAMA,MAAM,GAAGC,oBAAQC,MAAR,EAAf;;AACAF,MAAM,CAACG,KAAP,CAAa,GAAb,EAAkBC,IAAlB,CAAuBC,qBAAvB,EAAmCC,GAAnC,CAAuCC,sBAAvC;AACAP,MAAM,CAACG,KAAP,CAAa,YAAb,EAA2BC,IAA3B,CAAgCI,oBAAhC,EAA2CF,GAA3C,CAA+CG,4BAA/C;AACAT,MAAM,CACHG,KADH,CACS,MADT,YAGUO,qBAHV,EAIGJ,GAJH,CAIOK,qBAJP,EAKGC,KALH,CAKSC,qBALT,EAMGC,GANH,CAMOC,eANP;AAOAf,MAAM,CAACG,KAAP,CAAa,cAAb,EAA6BC,IAA7B,CAAkCY,kBAAlC;AACAhB,MAAM,CAACG,KAAP,CAAa,kBAAb,EAAiCG,GAAjC,CAAqCW,+BAArC;AACAjB,MAAM,CAACG,KAAP,CAAa,eAAb,EAA8BG,GAA9B,CAAkCY,qBAAlC;eAEelB,M","sourceRoot":"/Users/andela/Desktop/Issa/My-brand-server/src/routes/","sourcesContent":["import express from 'express';\nimport {\n  comment,\n  deletePost,\n  getAllPosts,\n  getAllSubscribers,\n  getAllCommentsOnPost,\n  getOnePost,\n  like,\n  oneComment,\n  subscribe,\n  updatePost,\n  createPost,\n} from '../controllers/superBlog.js';\n// import { auth } from '../middleware/authx.js';\n\nconst router = express.Router();\nrouter.route('/').post(createPost).get(getAllPosts);\nrouter.route('/subscribe').post(subscribe).get(getAllSubscribers);\nrouter\n  .route('/:id')\n\n  .delete(deletePost)\n  .get(getOnePost)\n  .patch(updatePost)\n  .put(like);\nrouter.route('/:id/comment').post(comment);\nrouter.route('/:id/allComments').get(getAllCommentsOnPost);\nrouter.route('/comments/:id').get(oneComment);\n\nexport default router;\n"]},"_coverageSchema":"1a1c01bbd47fc00a2c39e90264f33305004495a9","hash":"1b6a3a363a97dc4c47aa4e81d3c4adf433347732","contentHash":"a04a117e8c8bbbaaa35ae392c01fd8f86ac3c0f3f5f0e18bcb2261604aa0c585"},"/Users/andela/Desktop/Issa/My-brand-server/src/controllers/superBlog.js":{"path":"/Users/andela/Desktop/Issa/My-brand-server/src/controllers/superBlog.js","statementMap":{"0":{"start":{"line":3,"column":0},"end":{"line":5,"column":3}},"1":{"start":{"line":6,"column":0},"end":{"line":6,"column":246}},"2":{"start":{"line":8,"column":20},"end":{"line":8,"column":81}},"3":{"start":{"line":10,"column":15},"end":{"line":10,"column":71}},"4":{"start":{"line":12,"column":17},"end":{"line":12,"column":74}},"5":{"start":{"line":14,"column":18},"end":{"line":14,"column":76}},"6":{"start":{"line":16,"column":16},"end":{"line":16,"column":72}},"7":{"start":{"line":18,"column":19},"end":{"line":18,"column":78}},"8":{"start":{"line":20,"column":39},"end":{"line":20,"column":95}},"9":{"start":{"line":22,"column":77},"end":{"line":22,"column":175}},"10":{"start":{"line":22,"column":94},"end":{"line":22,"column":107}},"11":{"start":{"line":22,"column":121},"end":{"line":22,"column":131}},"12":{"start":{"line":22,"column":151},"end":{"line":22,"column":165}},"13":{"start":{"line":22,"column":166},"end":{"line":22,"column":173}},"14":{"start":{"line":22,"column":176},"end":{"line":22,"column":263}},"15":{"start":{"line":22,"column":193},"end":{"line":22,"column":208}},"16":{"start":{"line":22,"column":218},"end":{"line":22,"column":261}},"17":{"start":{"line":24,"column":33},"end":{"line":24,"column":387}},"18":{"start":{"line":24,"column":65},"end":{"line":24,"column":69}},"19":{"start":{"line":24,"column":78},"end":{"line":24,"column":87}},"20":{"start":{"line":24,"column":89},"end":{"line":24,"column":384}},"21":{"start":{"line":24,"column":147},"end":{"line":24,"column":167}},"22":{"start":{"line":24,"column":193},"end":{"line":24,"column":264}},"23":{"start":{"line":24,"column":290},"end":{"line":24,"column":360}},"24":{"start":{"line":24,"column":363},"end":{"line":24,"column":380}},"25":{"start":{"line":26,"column":30},"end":{"line":118,"column":3}},"26":{"start":{"line":27,"column":13},"end":{"line":113,"column":5}},"27":{"start":{"line":30,"column":4},"end":{"line":112,"column":33}},"28":{"start":{"line":31,"column":6},"end":{"line":111,"column":7}},"29":{"start":{"line":32,"column":8},"end":{"line":110,"column":9}},"30":{"start":{"line":34,"column":12},"end":{"line":34,"column":81}},"31":{"start":{"line":35,"column":12},"end":{"line":35,"column":30}},"32":{"start":{"line":36,"column":12},"end":{"line":42,"column":15}},"33":{"start":{"line":39,"column":14},"end":{"line":41,"column":15}},"34":{"start":{"line":40,"column":16},"end":{"line":40,"column":83}},"35":{"start":{"line":45,"column":12},"end":{"line":45,"column":30}},"36":{"start":{"line":47,"column":12},"end":{"line":50,"column":13}},"37":{"start":{"line":48,"column":14},"end":{"line":48,"column":32}},"38":{"start":{"line":49,"column":14},"end":{"line":49,"column":20}},"39":{"start":{"line":52,"column":12},"end":{"line":52,"column":118}},"40":{"start":{"line":55,"column":12},"end":{"line":58,"column":13}},"41":{"start":{"line":56,"column":14},"end":{"line":56,"column":32}},"42":{"start":{"line":57,"column":14},"end":{"line":57,"column":20}},"43":{"start":{"line":60,"column":12},"end":{"line":60,"column":117}},"44":{"start":{"line":63,"column":12},"end":{"line":63,"column":31}},"45":{"start":{"line":64,"column":12},"end":{"line":74,"column":15}},"46":{"start":{"line":77,"column":12},"end":{"line":77,"column":33}},"47":{"start":{"line":79,"column":12},"end":{"line":82,"column":13}},"48":{"start":{"line":80,"column":14},"end":{"line":80,"column":33}},"49":{"start":{"line":81,"column":14},"end":{"line":81,"column":20}},"50":{"start":{"line":84,"column":12},"end":{"line":84,"column":47}},"51":{"start":{"line":85,"column":12},"end":{"line":85,"column":31}},"52":{"start":{"line":86,"column":12},"end":{"line":88,"column":15}},"53":{"start":{"line":87,"column":14},"end":{"line":87,"column":28}},"54":{"start":{"line":91,"column":12},"end":{"line":91,"column":35}},"55":{"start":{"line":92,"column":12},"end":{"line":92,"column":39}},"56":{"start":{"line":93,"column":12},"end":{"line":93,"column":44}},"57":{"start":{"line":94,"column":12},"end":{"line":94,"column":24}},"58":{"start":{"line":97,"column":12},"end":{"line":97,"column":86}},"59":{"start":{"line":98,"column":12},"end":{"line":98,"column":31}},"60":{"start":{"line":99,"column":12},"end":{"line":99,"column":18}},"61":{"start":{"line":102,"column":12},"end":{"line":102,"column":31}},"62":{"start":{"line":103,"column":12},"end":{"line":103,"column":47}},"63":{"start":{"line":104,"column":12},"end":{"line":104,"column":37}},"64":{"start":{"line":105,"column":12},"end":{"line":105,"column":126}},"65":{"start":{"line":109,"column":12},"end":{"line":109,"column":35}},"66":{"start":{"line":115,"column":2},"end":{"line":117,"column":4}},"67":{"start":{"line":116,"column":4},"end":{"line":116,"column":39}},"68":{"start":{"line":120,"column":0},"end":{"line":120,"column":32}},"69":{"start":{"line":122,"column":31},"end":{"line":160,"column":3}},"70":{"start":{"line":123,"column":14},"end":{"line":155,"column":5}},"71":{"start":{"line":125,"column":4},"end":{"line":154,"column":33}},"72":{"start":{"line":126,"column":6},"end":{"line":153,"column":7}},"73":{"start":{"line":127,"column":8},"end":{"line":152,"column":9}},"74":{"start":{"line":129,"column":12},"end":{"line":129,"column":31}},"75":{"start":{"line":130,"column":12},"end":{"line":130,"column":31}},"76":{"start":{"line":131,"column":12},"end":{"line":133,"column":15}},"77":{"start":{"line":136,"column":12},"end":{"line":136,"column":35}},"78":{"start":{"line":137,"column":12},"end":{"line":140,"column":15}},"79":{"start":{"line":141,"column":12},"end":{"line":141,"column":32}},"80":{"start":{"line":142,"column":12},"end":{"line":142,"column":18}},"81":{"start":{"line":145,"column":12},"end":{"line":145,"column":31}},"82":{"start":{"line":146,"column":12},"end":{"line":146,"column":49}},"83":{"start":{"line":147,"column":12},"end":{"line":147,"column":103}},"84":{"start":{"line":151,"column":12},"end":{"line":151,"column":36}},"85":{"start":{"line":157,"column":2},"end":{"line":159,"column":4}},"86":{"start":{"line":158,"column":4},"end":{"line":158,"column":40}},"87":{"start":{"line":162,"column":0},"end":{"line":162,"column":34}},"88":{"start":{"line":164,"column":30},"end":{"line":201,"column":3}},"89":{"start":{"line":165,"column":14},"end":{"line":196,"column":5}},"90":{"start":{"line":167,"column":4},"end":{"line":195,"column":34}},"91":{"start":{"line":168,"column":6},"end":{"line":194,"column":7}},"92":{"start":{"line":169,"column":8},"end":{"line":193,"column":9}},"93":{"start":{"line":171,"column":12},"end":{"line":171,"column":31}},"94":{"start":{"line":172,"column":12},"end":{"line":172,"column":31}},"95":{"start":{"line":173,"column":12},"end":{"line":173,"column":65}},"96":{"start":{"line":176,"column":12},"end":{"line":176,"column":37}},"97":{"start":{"line":177,"column":12},"end":{"line":177,"column":31}},"98":{"start":{"line":178,"column":12},"end":{"line":178,"column":31}},"99":{"start":{"line":179,"column":12},"end":{"line":179,"column":34}},"100":{"start":{"line":182,"column":12},"end":{"line":182,"column":116}},"101":{"start":{"line":185,"column":12},"end":{"line":185,"column":32}},"102":{"start":{"line":186,"column":12},"end":{"line":186,"column":49}},"103":{"start":{"line":187,"column":12},"end":{"line":187,"column":38}},"104":{"start":{"line":188,"column":12},"end":{"line":188,"column":128}},"105":{"start":{"line":192,"column":12},"end":{"line":192,"column":36}},"106":{"start":{"line":198,"column":2},"end":{"line":200,"column":4}},"107":{"start":{"line":199,"column":4},"end":{"line":199,"column":40}},"108":{"start":{"line":203,"column":0},"end":{"line":203,"column":32}},"109":{"start":{"line":205,"column":30},"end":{"line":259,"column":3}},"110":{"start":{"line":206,"column":14},"end":{"line":254,"column":5}},"111":{"start":{"line":208,"column":4},"end":{"line":253,"column":34}},"112":{"start":{"line":209,"column":6},"end":{"line":252,"column":7}},"113":{"start":{"line":210,"column":8},"end":{"line":251,"column":9}},"114":{"start":{"line":212,"column":12},"end":{"line":212,"column":32}},"115":{"start":{"line":213,"column":12},"end":{"line":213,"column":31}},"116":{"start":{"line":214,"column":12},"end":{"line":214,"column":31}},"117":{"start":{"line":215,"column":12},"end":{"line":215,"column":53}},"118":{"start":{"line":218,"column":12},"end":{"line":218,"column":39}},"119":{"start":{"line":220,"column":12},"end":{"line":223,"column":13}},"120":{"start":{"line":221,"column":14},"end":{"line":221,"column":33}},"121":{"start":{"line":222,"column":14},"end":{"line":222,"column":20}},"122":{"start":{"line":225,"column":12},"end":{"line":225,"column":110}},"123":{"start":{"line":228,"column":12},"end":{"line":228,"column":31}},"124":{"start":{"line":229,"column":12},"end":{"line":229,"column":41}},"125":{"start":{"line":232,"column":12},"end":{"line":235,"column":13}},"126":{"start":{"line":233,"column":14},"end":{"line":233,"column":34}},"127":{"start":{"line":234,"column":14},"end":{"line":234,"column":20}},"128":{"start":{"line":237,"column":12},"end":{"line":237,"column":32}},"129":{"start":{"line":238,"column":12},"end":{"line":238,"column":69}},"130":{"start":{"line":241,"column":12},"end":{"line":241,"column":111}},"131":{"start":{"line":244,"column":12},"end":{"line":244,"column":32}},"132":{"start":{"line":245,"column":12},"end":{"line":245,"column":49}},"133":{"start":{"line":246,"column":12},"end":{"line":246,"column":134}},"134":{"start":{"line":250,"column":12},"end":{"line":250,"column":36}},"135":{"start":{"line":256,"column":2},"end":{"line":258,"column":4}},"136":{"start":{"line":257,"column":4},"end":{"line":257,"column":40}},"137":{"start":{"line":261,"column":0},"end":{"line":261,"column":32}},"138":{"start":{"line":263,"column":30},"end":{"line":326,"column":3}},"139":{"start":{"line":264,"column":14},"end":{"line":321,"column":5}},"140":{"start":{"line":266,"column":4},"end":{"line":320,"column":34}},"141":{"start":{"line":267,"column":6},"end":{"line":319,"column":7}},"142":{"start":{"line":268,"column":8},"end":{"line":318,"column":9}},"143":{"start":{"line":270,"column":12},"end":{"line":270,"column":31}},"144":{"start":{"line":272,"column":12},"end":{"line":275,"column":13}},"145":{"start":{"line":273,"column":14},"end":{"line":273,"column":33}},"146":{"start":{"line":274,"column":14},"end":{"line":274,"column":20}},"147":{"start":{"line":277,"column":12},"end":{"line":277,"column":47}},"148":{"start":{"line":278,"column":12},"end":{"line":278,"column":31}},"149":{"start":{"line":279,"column":12},"end":{"line":281,"column":15}},"150":{"start":{"line":280,"column":14},"end":{"line":280,"column":28}},"151":{"start":{"line":284,"column":12},"end":{"line":284,"column":36}},"152":{"start":{"line":285,"column":12},"end":{"line":285,"column":43}},"153":{"start":{"line":286,"column":12},"end":{"line":286,"column":48}},"154":{"start":{"line":289,"column":12},"end":{"line":289,"column":32}},"155":{"start":{"line":290,"column":12},"end":{"line":294,"column":15}},"156":{"start":{"line":297,"column":12},"end":{"line":297,"column":41}},"157":{"start":{"line":299,"column":12},"end":{"line":302,"column":13}},"158":{"start":{"line":300,"column":14},"end":{"line":300,"column":34}},"159":{"start":{"line":301,"column":14},"end":{"line":301,"column":20}},"160":{"start":{"line":304,"column":12},"end":{"line":304,"column":120}},"161":{"start":{"line":307,"column":12},"end":{"line":307,"column":124}},"162":{"start":{"line":310,"column":12},"end":{"line":310,"column":32}},"163":{"start":{"line":311,"column":12},"end":{"line":311,"column":49}},"164":{"start":{"line":312,"column":12},"end":{"line":312,"column":38}},"165":{"start":{"line":313,"column":12},"end":{"line":313,"column":138}},"166":{"start":{"line":317,"column":12},"end":{"line":317,"column":36}},"167":{"start":{"line":323,"column":2},"end":{"line":325,"column":4}},"168":{"start":{"line":324,"column":4},"end":{"line":324,"column":40}},"169":{"start":{"line":328,"column":0},"end":{"line":328,"column":32}},"170":{"start":{"line":330,"column":27},"end":{"line":383,"column":3}},"171":{"start":{"line":331,"column":14},"end":{"line":378,"column":5}},"172":{"start":{"line":334,"column":4},"end":{"line":377,"column":34}},"173":{"start":{"line":335,"column":6},"end":{"line":376,"column":7}},"174":{"start":{"line":336,"column":8},"end":{"line":375,"column":9}},"175":{"start":{"line":338,"column":12},"end":{"line":338,"column":114}},"176":{"start":{"line":339,"column":12},"end":{"line":339,"column":31}},"177":{"start":{"line":340,"column":12},"end":{"line":340,"column":94}},"178":{"start":{"line":340,"column":26},"end":{"line":340,"column":94}},"179":{"start":{"line":341,"column":12},"end":{"line":341,"column":31}},"180":{"start":{"line":342,"column":12},"end":{"line":346,"column":15}},"181":{"start":{"line":349,"column":12},"end":{"line":349,"column":38}},"182":{"start":{"line":350,"column":12},"end":{"line":350,"column":31}},"183":{"start":{"line":351,"column":12},"end":{"line":351,"column":65}},"184":{"start":{"line":354,"column":12},"end":{"line":354,"column":34}},"185":{"start":{"line":355,"column":12},"end":{"line":355,"column":85}},"186":{"start":{"line":355,"column":23},"end":{"line":355,"column":85}},"187":{"start":{"line":356,"column":12},"end":{"line":356,"column":45}},"188":{"start":{"line":357,"column":12},"end":{"line":357,"column":36}},"189":{"start":{"line":358,"column":12},"end":{"line":358,"column":32}},"190":{"start":{"line":359,"column":12},"end":{"line":359,"column":31}},"191":{"start":{"line":362,"column":12},"end":{"line":362,"column":83}},"192":{"start":{"line":363,"column":12},"end":{"line":363,"column":32}},"193":{"start":{"line":364,"column":12},"end":{"line":364,"column":18}},"194":{"start":{"line":367,"column":12},"end":{"line":367,"column":32}},"195":{"start":{"line":368,"column":12},"end":{"line":368,"column":49}},"196":{"start":{"line":369,"column":12},"end":{"line":369,"column":38}},"197":{"start":{"line":370,"column":12},"end":{"line":370,"column":82}},"198":{"start":{"line":374,"column":12},"end":{"line":374,"column":36}},"199":{"start":{"line":380,"column":2},"end":{"line":382,"column":4}},"200":{"start":{"line":381,"column":4},"end":{"line":381,"column":40}},"201":{"start":{"line":385,"column":0},"end":{"line":385,"column":26}},"202":{"start":{"line":387,"column":40},"end":{"line":423,"column":3}},"203":{"start":{"line":388,"column":14},"end":{"line":418,"column":5}},"204":{"start":{"line":390,"column":4},"end":{"line":417,"column":33}},"205":{"start":{"line":391,"column":6},"end":{"line":416,"column":7}},"206":{"start":{"line":392,"column":8},"end":{"line":415,"column":9}},"207":{"start":{"line":394,"column":12},"end":{"line":394,"column":31}},"208":{"start":{"line":395,"column":12},"end":{"line":395,"column":31}},"209":{"start":{"line":396,"column":12},"end":{"line":398,"column":15}},"210":{"start":{"line":401,"column":12},"end":{"line":401,"column":39}},"211":{"start":{"line":402,"column":12},"end":{"line":402,"column":104}},"212":{"start":{"line":403,"column":12},"end":
[...]
:119,"column":12},"end":{"line":119,"column":47}},"68":{"start":{"line":120,"column":12},"end":{"line":120,"column":80}},"69":{"start":{"line":124,"column":12},"end":{"line":124,"column":36}},"70":{"start":{"line":129,"column":2},"end":{"line":151,"column":7}},"71":{"start":{"line":131,"column":4},"end":{"line":150,"column":17}},"72":{"start":{"line":132,"column":6},"end":{"line":149,"column":7}},"73":{"start":{"line":133,"column":8},"end":{"line":148,"column":9}},"74":{"start":{"line":135,"column":12},"end":{"line":135,"column":31}},"75":{"start":{"line":136,"column":12},"end":{"line":136,"column":79}},"76":{"start":{"line":139,"column":12},"end":{"line":139,"column":33}},"77":{"start":{"line":140,"column":12},"end":{"line":140,"column":48}},"78":{"start":{"line":141,"column":12},"end":{"line":141,"column":63}},"79":{"start":{"line":142,"column":12},"end":{"line":142,"column":47}},"80":{"start":{"line":143,"column":12},"end":{"line":143,"column":91}},"81":{"start":{"line":147,"column":12},"end":{"line":147,"column":36}},"82":{"start":{"line":152,"column":2},"end":{"line":180,"column":7}},"83":{"start":{"line":154,"column":4},"end":{"line":179,"column":17}},"84":{"start":{"line":155,"column":6},"end":{"line":178,"column":7}},"85":{"start":{"line":156,"column":8},"end":{"line":177,"column":9}},"86":{"start":{"line":158,"column":12},"end":{"line":158,"column":31}},"87":{"start":{"line":159,"column":12},"end":{"line":159,"column":59}},"88":{"start":{"line":162,"column":12},"end":{"line":162,"column":34}},"89":{"start":{"line":163,"column":12},"end":{"line":163,"column":24}},"90":{"start":{"line":164,"column":12},"end":{"line":164,"column":31}},"91":{"start":{"line":165,"column":12},"end":{"line":165,"column":97}},"92":{"start":{"line":168,"column":12},"end":{"line":168,"column":33}},"93":{"start":{"line":169,"column":12},"end":{"line":169,"column":48}},"94":{"start":{"line":170,"column":12},"end":{"line":170,"column":63}},"95":{"start":{"line":171,"column":12},"end":{"line":171,"column":47}},"96":{"start":{"line":172,"column":12},"end":{"line":172,"column":86}},"97":{"start":{"line":176,"column":12},"end":{"line":176,"column":36}},"98":{"start":{"line":181,"column":2},"end":{"line":210,"column":7}},"99":{"start":{"line":183,"column":4},"end":{"line":209,"column":17}},"100":{"start":{"line":184,"column":6},"end":{"line":208,"column":7}},"101":{"start":{"line":185,"column":8},"end":{"line":207,"column":9}},"102":{"start":{"line":187,"column":12},"end":{"line":187,"column":31}},"103":{"start":{"line":188,"column":12},"end":{"line":188,"column":59}},"104":{"start":{"line":191,"column":12},"end":{"line":191,"column":34}},"105":{"start":{"line":192,"column":12},"end":{"line":192,"column":24}},"106":{"start":{"line":193,"column":12},"end":{"line":193,"column":34}},"107":{"start":{"line":194,"column":12},"end":{"line":194,"column":31}},"108":{"start":{"line":195,"column":12},"end":{"line":195,"column":103}},"109":{"start":{"line":198,"column":12},"end":{"line":198,"column":33}},"110":{"start":{"line":199,"column":12},"end":{"line":199,"column":48}},"111":{"start":{"line":200,"column":12},"end":{"line":200,"column":63}},"112":{"start":{"line":201,"column":12},"end":{"line":201,"column":47}},"113":{"start":{"line":202,"column":12},"end":{"line":202,"column":86}},"114":{"start":{"line":206,"column":12},"end":{"line":206,"column":36}}},"fnMap":{"0":{"name":"_interopRequireDefault","decl":{"start":{"line":13,"column":9},"end":{"line":13,"column":31}},"loc":{"start":{"line":13,"column":37},"end":{"line":13,"column":97}},"line":13},"1":{"name":"asyncGeneratorStep","decl":{"start":{"line":15,"column":9},"end":{"line":15,"column":27}},"loc":{"start":{"line":15,"column":75},"end":{"line":15,"column":265}},"line":15},"2":{"name":"_asyncToGenerator","decl":{"start":{"line":17,"column":9},"end":{"line":17,"column":26}},"loc":{"start":{"line":17,"column":31},"end":{"line":17,"column":389}},"line":17},"3":{"name":"(anonymous_3)","decl":{"start":{"line":17,"column":40},"end":{"line":17,"column":41}},"loc":{"start":{"line":17,"column":52},"end":{"line":17,"column":386}},"line":17},"4":{"name":"(anonymous_4)","decl":{"start":{"line":17,"column":108},"end":{"line":17,"column":109}},"loc":{"start":{"line":17,"column":135},"end":{"line":17,"column":382}},"line":17},"5":{"name":"_next","decl":{"start":{"line":17,"column":178},"end":{"line":17,"column":183}},"loc":{"start":{"line":17,"column":191},"end":{"line":17,"column":266}},"line":17},"6":{"name":"_throw","decl":{"start":{"line":17,"column":276},"end":{"line":17,"column":282}},"loc":{"start":{"line":17,"column":288},"end":{"line":17,"column":362}},"line":17},"7":{"name":"(anonymous_7)","decl":{"start":{"line":38,"column":32},"end":{"line":38,"column":33}},"loc":{"start":{"line":38,"column":44},"end":{"line":211,"column":1}},"line":38},"8":{"name":"_callee","decl":{"start":{"line":39,"column":92},"end":{"line":39,"column":99}},"loc":{"start":{"line":39,"column":102},"end":{"line":53,"column":3}},"line":39},"9":{"name":"_callee$","decl":{"start":{"line":40,"column":44},"end":{"line":40,"column":52}},"loc":{"start":{"line":40,"column":63},"end":{"line":52,"column":5}},"line":40},"10":{"name":"_callee2","decl":{"start":{"line":54,"column":91},"end":{"line":54,"column":99}},"loc":{"start":{"line":54,"column":102},"end":{"line":68,"column":3}},"line":54},"11":{"name":"_callee2$","decl":{"start":{"line":55,"column":44},"end":{"line":55,"column":53}},"loc":{"start":{"line":55,"column":65},"end":{"line":67,"column":5}},"line":55},"12":{"name":"_callee3","decl":{"start":{"line":69,"column":112},"end":{"line":69,"column":120}},"loc":{"start":{"line":69,"column":123},"end":{"line":91,"column":3}},"line":69},"13":{"name":"_callee3$","decl":{"start":{"line":71,"column":44},"end":{"line":71,"column":53}},"loc":{"start":{"line":71,"column":65},"end":{"line":90,"column":5}},"line":71},"14":{"name":"_callee4","decl":{"start":{"line":102,"column":105},"end":{"line":102,"column":113}},"loc":{"start":{"line":102,"column":116},"end":{"line":128,"column":3}},"line":102},"15":{"name":"_callee4$","decl":{"start":{"line":104,"column":44},"end":{"line":104,"column":53}},"loc":{"start":{"line":104,"column":65},"end":{"line":127,"column":5}},"line":104},"16":{"name":"_callee5","decl":{"start":{"line":129,"column":107},"end":{"line":129,"column":115}},"loc":{"start":{"line":129,"column":118},"end":{"line":151,"column":3}},"line":129},"17":{"name":"_callee5$","decl":{"start":{"line":131,"column":44},"end":{"line":131,"column":53}},"loc":{"start":{"line":131,"column":65},"end":{"line":150,"column":5}},"line":131},"18":{"name":"_callee6","decl":{"start":{"line":152,"column":106},"end":{"line":152,"column":114}},"loc":{"start":{"line":152,"column":117},"end":{"line":180,"column":3}},"line":152},"19":{"name":"_callee6$","decl":{"start":{"line":154,"column":44},"end":{"line":154,"column":53}},"loc":{"start":{"line":154,"column":65},"end":{"line":179,"column":5}},"line":154},"20":{"name":"_callee7","decl":{"start":{"line":181,"column":107},"end":{"line":181,"column":115}},"loc":{"start":{"line":181,"column":118},"end":{"line":210,"column":3}},"line":181},"21":{"name":"_callee7$","decl":{"start":{"line":183,"column":44},"end":{"line":183,"column":53}},"loc":{"start":{"line":183,"column":65},"end":{"line":209,"column":5}},"line":183}},"branchMap":{"0":{"loc":{"start":{"line":13,"column":46},"end":{"line":13,"column":94}},"type":"cond-expr","locations":[{"start":{"line":13,"column":70},"end":{"line":13,"column":73}},{"start":{"line":13,"column":76},"end":{"line":13,"column":94}}],"line":13},"1":{"loc":{"start":{"line":13,"column":46},"end":{"line":13,"column":67}},"type":"binary-expr","locations":[{"start":{"line":13,"column":46},"end":{"line":13,"column":49}},{"start":{"line":13,"column":53},"end":{"line":13,"column":67}}],"line":13},"2":{"loc":{"start":{"line":15,"column":176},"end":{"line":15,"column":263}},"type":"if","locations":[{"start":{"line":15,"column":176},"end":{"line":15,"column":263}},{"start":{"line":15,"column":176},"end":{"line":15,"column":263}}],"line":15},"3":{"loc":{"start":{"line":42,"column":8},"end":{"line":50,"column":9}},"type":"switch","locations":[{"start":{"line":43,"column":10},"end":{"line":45,"column":57}},{"start":{"line":47,"column":10},"end":{"line":47,"column":17}},{"start":{"line":48,"column":10},"end":{"line":49,"column":35}}],"line":42},"4":{"loc":{"start":{"line":57,"column":8},"end":{"line":65,"column":9}},"type":"switch","locations":[{"start":{"line":58,"column":10},"end":{"line":60,"column":57}},{"start":{"line":62,"column":10},"end":{"line":62,"column":17}},{"start":{"line":63,"column":10},"end":{"line":64,"column":36}}],"line":57},"5":{"loc":{"start":{"line":73,"column":8},"end":{"line":88,"column":9}},"type":"switch","locations":[{"start":{"line":74,"column":10},"end":{"line":76,"column":104}},{"start":{"line":78,"column":10},"end":{"line":83,"column":81}},{"start":{"line":85,"column":10},"end":{"line":85,"column":17}},{"start":{"line":86,"column":10},"end":{"line":87,"column":36}}],"line":73},"6":{"loc":{"start":{"line":106,"column":8},"end":{"line":125,"column":9}},"type":"switch","locations":[{"start":{"line":107,"column":10},"end":{"line":109,"column":104}},{"start":{"line":111,"column":10},"end":{"line":113,"column":113}},{"start":{"line":115,"column":10},"end":{"line":120,"column":80}},{"start":{"line":122,"column":10},"end":{"line":122,"column":17}},{"start":{"line":123,"column":10},"end":{"line":124,"column":36}}],"line":106},"7":{"loc":{"start":{"line":133,"column":8},"end":{"line":148,"column":9}},"type":"switch","locations":[{"start":{"line":134,"column":10},"end":{"line":136,"column":79}},{"start":{"line":138,"column":10},"end":{"line":143,"column":91}},{"start":{"line":145,"column":10},"end":{"line":145,"column":17}},{"start":{"line":146,"column":10},"end":{"line":147,"column":36}}],"line":133},"8":{"loc":{"start":{"line":156,"column":8},"end":{"line":177,"column":9}},"type":"switch","locations":[{"start":{"line":157,"column":10},"end":{"line":159,"column":59}},{"start":{"line":161,"column":10},"end":{"line":165,"column":97}},{"start":{"line":167,"column":10},"end":{"line":172,"column":86}},{"start":{"line":174,"column":10},"end":{"line":174,"column":18}},{"start":{"line":175,"column":10},"end":{"line":176,"column":36}}],"line":156},"9":{"loc":{"start":{"line":185,"column":8},"end":{"line":207,"column":9}},"type":"switch","locations":[{"start":{"line":186,"column":10},"end":{"line":188,"column":59}},{"start":{"line":190,"column":10},"end":{"line":195,"column":103}},{"start":{"line":197,"column":10},"end":{"line":202,"column":86}},{"start":{"line":204,"column":10},"end":{"line":204,"column":18}},{"start":{"line":205,"column":10},"end":{"line":206,"column":36}}],"line":185}},"s":{"0":1,"1":1,"2":1,"3":1,"4":1,"5":5,"6":33,"7":33,"8":33,"9":0,"10":0,"11":33,"12":15,"13":18,"14":7,"15":15,"16":15,"17":15,"18":15,"19":33,"20":0,"21":15,"22":1,"23":1,"24":1,"25":1,"26":1,"27":1,"28":1,"29":1,"30":1,"31":5,"32":10,"33":10,"34":5,"35":5,"36":5,"37":1,"38":5,"39":10,"40":10,"41":5,"42":5,"43":5,"44":1,"45":1,"46":2,"47":2,"48":1,"49":1,"50":1,"51":1,"52":1,"53":1,"54":1,"55":1,"56":1,"57":1,"58":3,"59":3,"60":1,"61":1,"62":1,"63":1,"64":1,"65":1,"66":1,"67":1,"68":1,"69":1,"70":1,"71":1,"72":2,"73":2,"74":1,"75":1,"76":1,"77":1,"78":1,"79":1,"80":1,"81":1,"82":1,"83":1,"84":3,"85":3,"86":1,"87":1,"88":1,"89":1,"90":1,"91":1,"92":1,"93":1,"94":1,"95":1,"96":1,"97":1,"98":1,"99":1,"100":3,"101":3,"102":1,"103":1,"104":1,"105":1,"106":1,"107":1,"108":1,"109":1,"110":1,"111":1,"112":1,"113":1,"114":1},"f":{"0":5,"1":33,"2":7,"3":15,"4":15,"5":33,"6":0,"7":1,"8":5,"9":10,"10":5,"11":10,"12":1,"13":2,"14":1,"15":3,"16":1,"17":2,"18":1,"19":3,"20":1,"21":3},"b":{"0":[2,3],"1":[5,5],"2":[15,18],"3":[5,5,5],"4":[5,5,5],"5":[1,1,1,1],"6":[1,1,1,1,1],"7":[1,1,1,1],"8":[1,1,1,1,1],"9":[1,1,1,1,1]},"inputSourceMap":{"version":3,"sources":["user.test.js"],"names":["it","mocha","describe","beforeEach","afterEach","expect","chai","mockUser","name","email","password","mockLoginCredentials","User","deleteMany","app","post","send","res","status","to","be","equal","body","have","property","a","get","create","user","save","_id","console","log"],"mappings":";;AAAA;;AACA;;AAEA;;AACA;;AACA;;;;;;;;IAEQA,E,GAAwCC,iB,CAAxCD,E;IAAIE,Q,GAAoCD,iB,CAApCC,Q;IAAUC,U,GAA0BF,iB,CAA1BE,U;IAAYC,S,GAAcH,iB,CAAdG,S;IAC1BC,M,GAAWC,gB,CAAXD,M,EACR;AAEA;AACA;AACA;AACA;;AACA,IAAME,QAAQ,GAAG;AACfC,EAAAA,IAAI,EAAE,QADS;AAEfC,EAAAA,KAAK,EAAE,oBAFQ;AAGfC,EAAAA,QAAQ,EAAE;AAHK,CAAjB;AAKA,IAAMC,oBAAoB,GAAG;AAC3BF,EAAAA,KAAK,EAAE,oBADoB;AAE3BC,EAAAA,QAAQ,EAAE;AAFiB,CAA7B;AAKAR,QAAQ,CAAC,qBAAD,EAAwB,YAAM;AACpCC,EAAAA,UAAU,uEAAC;AAAA;AAAA;AAAA;AAAA;AAAA;AAAA,mBACHS,uBAAKC,UAAL,CAAgB,EAAhB,CADG;;AAAA;AAAA;AAAA;AAAA;AAAA;AAAA;AAAA,GAAD,GAAV;AAIAT,EAAAA,SAAS,uEAAC;AAAA;AAAA;AAAA;AAAA;AAAA;AAAA,mBACFQ,uBAAKC,UAAL,CAAgB,EAAhB,CADE;;AAAA;AAAA;AAAA;AAAA;AAAA;AAAA;AAAA,GAAD,GAAT;AAIAb,EAAAA,EAAE,CAAC,2BAAD,uEAA8B;AAAA;AAAA;AAAA;AAAA;AAAA;AAAA;AAAA,mBACZ,2BAAQc,iBAAR,EAAaC,IAAb,CAAkB,iBAAlB,EAAqCC,IAArC,CAA0CT,QAA1C,CADY;;AAAA;AACxBU,YAAAA,GADwB;AAE9BZ,YAAAA,MAAM,CAACY,GAAG,CAACC,MAAL,CAAN,CAAmBC,EAAnB,CAAsBC,EAAtB,CAAyBC,KAAzB,CAA+B,GAA/B;AACAhB,YAAAA,MAAM,CAACY,GAAG,CAACK,IAAL,CAAN,CAAiBH,EAAjB,CAAoBI,IAApB,CAAyBC,QAAzB,CAAkC,SAAlC,EAA6C,IAA7C;AACAnB,YAAAA,MAAM,CAACY,GAAG,CAACK,IAAL,CAAN,CAAiBH,EAAjB,CAAoBC,EAApB,CAAuBK,CAAvB,CAAyB,QAAzB;AACApB,YAAAA,MAAM,CAACY,GAAG,CAACK,IAAL,CAAN,CAAiBH,EAAjB,CAAoBI,IAApB,CAAyBC,QAAzB,CAAkC,SAAlC,EAA6C,sBAA7C;;AAL8B;AAAA;AAAA;AAAA;AAAA;AAAA;AAAA,GAA9B,GAAF,CAToC,CAiBpC;AACA;AACA;AACA;AACA;AACA;AACA;AACA;AACA;AACA;;AAEAxB,EAAAA,EAAE,CAAC,oBAAD,uEAAuB;AAAA;AAAA;AAAA;AAAA;AAAA;AAAA;AAAA,mBACjB,2BAAQc,iBAAR,EAAaC,IAAb,CAAkB,iBAAlB,EAAqCC,IAArC,CAA0CT,QAA1C,CADiB;;AAAA;AAAA;AAAA,mBAEL,2BAAQO,iBAAR,EACfC,IADe,CACV,cADU,EAEfC,IAFe,CAEVL,oBAFU,CAFK;;AAAA;AAEjBM,YAAAA,GAFiB;AAKvBZ,YAAAA,MAAM,CAACY,GAAG,CAACC,MAAL,CAAN,CAAmBC,EAAnB,CAAsBC,EAAtB,CAAyBC,KAAzB,CAA+B,GAA/B;AACAhB,YAAAA,MAAM,CAACY,GAAG,CAACK,IAAL,CAAN,CAAiBH,EAAjB,CAAoBI,IAApB,CAAyBC,QAAzB,CAAkC,SAAlC,EAA6C,IAA7C;AACAnB,YAAAA,MAAM,CAACY,GAAG,CAACK,IAAL,CAAN,CAAiBH,EAAjB,CAAoBC,EAApB,CAAuBK,CAAvB,CAAyB,QAAzB;AACApB,YAAAA,MAAM,CAACY,GAAG,CAACK,IAAL,CAAN,CAAiBH,EAAjB,CAAoBI,IAApB,CAAyBC,QAAzB,CAAkC,SAAlC,EAA6C,qBAA7C;;AARuB;AAAA;AAAA;AAAA;AAAA;AAAA;AAAA,GAAvB,GAAF;AAWAxB,EAAAA,EAAE,CAAC,sBAAD,uEAAyB;AAAA;AAAA;AAAA;AAAA;AAAA;AAAA;AAAA,mBACP,2BAAQc,iBAAR,EAAaY,GAAb,CAAiB,QAAjB,CADO;;AAAA;AACnBT,YAAAA,GADmB;AAEzBZ,YAAAA,MAAM,CAACY,GAAG,CAACC,MAAL,CAAN,CAAmBC,EAAnB,CAAsBC,EAAtB,CAAyBC,KAAzB,CAA+B,GAA/B;AACAhB,YAAAA,MAAM,CAACY,GAAG,CAACK,IAAL,CAAN,CAAiBH,EAAjB,CAAoBI,IAApB,CAAyBC,QAAzB,CAAkC,SAAlC,EAA6C,IAA7C;AACAnB,YAAAA,MAAM,CAACY,GAAG,CAACK,IAAL,CAAN,CAAiBH,EAAjB,CAAoBC,EAApB,CAAuBK,CAAvB,CAAyB,QAAzB;AACApB,YAAAA,MAAM,CAACY,GAAG,CAACK,IAAL,CAAN,CAAiBH,EAAjB,CAAoBI,IAApB,CAAyBC,QAAzB,CACE,SADF,EAEE,gCAFF;;AALyB;AAAA;AAAA;AAAA;AAAA;AAAA;AAAA,GAAzB,GAAF;AAWAxB,EAAAA,EAAE,CAAC,qBAAD,uEAAwB;AAAA;AAAA;AAAA;AAAA;AAAA;AAAA;AAAA,mBACLY,uBAAKe,MAAL,CAAYpB,QAAZ,CADK;;AAAA;AAClBqB,YAAAA,IADkB;AAExBA,YAAAA,IAAI,CAACC,IAAL;AAFwB;AAAA,mBAIN,2BAAQf,iBAAR,EAAaY,GAAb,kBAA2BE,IAAI,CAACE,GAAhC,EAJM;;AAAA;AAIlBb,YAAAA,GAJkB;AAKxBZ,YAAAA,MAAM,CAACY,GAAG,CAACC,MAAL,CAAN,CAAmBC,EAAnB,CAAsBC,EAAtB,CAAyBC,KAAzB,CAA+B,GAA/B;AACAhB,YAAAA,MAAM,CAACY,GAAG,CAACK,IAAL,CAAN,CAAiBH,EAAjB,CAAoBI,IAApB,CAAyBC,QAAzB,CAAkC,SAAlC,EAA6C,IAA7C;AACAnB,YAAAA,MAAM,CAACY,GAAG,CAACK,IAAL,CAAN,CAAiBH,EAAjB,CAAoBC,EAApB,CAAuBK,CAAvB,CAAyB,QAAzB;AACApB,YAAAA,MAAM,CAACY,GAAG,CAACK,IAAL,CAAN,CAAiBH,EAAjB,CAAoBI,IAApB,CAAyBC,QAAzB,CAAkC,SAAlC,EAA6C,2BAA7C;;AARwB;AAAA;AAAA;AAAA;AAAA;AAAA;AAAA,GAAxB,GAAF;AAWAxB,EAAAA,EAAE,CAAC,sBAAD,uEAAyB;AAAA;AAAA;AAAA;AAAA;AAAA;AAAA;AAAA,mBACNY,uBAAKe,MAAL,CAAYpB,QAAZ,CADM;;AAAA;AACnBqB,YAAAA,IADmB;AAEzBA,YAAAA,IAAI,CAACC,IAAL;AACAE,YAAAA,OAAO,CAACC,GAAR,CAAYJ,IAAI,CAACE,GAAjB;AAHyB;AAAA,mBAKP,2BAAQhB,iBAAR,6BAA8Bc,IAAI,CAACE,GAAnC,EALO;;AAAA;AAKnBb,YAAAA,GALmB;AAMzBZ,YAAAA,MAAM,CAACY,GAAG,CAACC,MAAL,CAAN,CAAmBC,EAAnB,CAAsBC,EAAtB,CAAyBC,KAAzB,CAA+B,GAA/B;AACAhB,YAAAA,MAAM,CAACY,GAAG,CAACK,IAAL,CAAN,CAAiBH,EAAjB,CAAoBI,IAApB,CAAyBC,QAAzB,CAAkC,SAAlC,EAA6C,IAA7C;AACAnB,YAAAA,MAAM,CAACY,GAAG,CAACK,IAAL,CAAN,CAAiBH,EAAjB,CAAoBC,EAApB,CAAuBK,CAAvB,CAAyB,QAAzB;AACApB,YAAAA,MAAM,CAACY,GAAG,CAACK,IAAL,CAAN,CAAiBH,EAAjB,CAAoBI,IAApB,CAAyBC,QAAzB,CAAkC,SAAlC,EAA6C,2BAA7C;;AATyB;AAAA;AAAA;AAAA;AAAA;AAAA;AAAA,GAAzB,GAAF;AAWD,CAxEO,CAAR","sourceRoot":"/Users/andela/Desktop/Issa/My-brand-server/src/tests/","sourcesContent":["import mocha from 'mocha';\nimport chai from 'chai';\n// import jwt from 'jsonwebtoken';\nimport request from 'supertest';\nimport app from '../index.js';\nimport User from '../models/usersModel.js';\n\nconst { it, describe, beforeEach, afterEach } = mocha;\nconst { expect } = chai;\n// const { JWT_KEY } = process.env;\n\n// const mockToken = `Bearer ${jwt.sign(\n//   { email: 'fake@email.com', id: 'fakeid' },\n//   JWT_KEY,\n// )}`;\nconst mockUser = {\n  name: 'tester',\n  email: 'egide123@gmail.com',\n  password: '123abc',\n};\nconst mockLoginCredentials = {\n  email: 'egide123@gmail.com',\n  password: '123abc',\n};\n\ndescribe('User related tests:', () => {\n  beforeEach(async () => {\n    await User.deleteMany({});\n  });\n\n  afterEach(async () => {\n    await User.deleteMany({});\n  });\n\n  it('User should create a user', async () => {\n    const res = await request(app).post('/users/register').send(mockUser);\n    expect(res.status).to.be.equal(201);\n    expect(res.body).to.have.property('success', true);\n    expect(res.body).to.be.a('object');\n    expect(res.body).to.have.property('message', 'Created Successfully');\n  });\n\n  // it('Shouldnot create create a user(missing field)', async () => {\n  //   const res = await request(app).post('/users/register').send({\n  //     name: 'name',\n  //     email: 'email@gmail.com',\n  //   });\n  //   expect(res.status).to.be.equal(500);\n  //   expect(res.body).to.have.property('success', false);\n  //   expect(res.body).to.be.a('object');\n  //   expect(res.body).to.have.property('message', 'Created Successfully');\n  // });\n\n  it('User should log in', async () => {\n    await request(app).post('/users/register').send(mockUser);\n    const res = await request(app)\n      .post('/users/login')\n      .send(mockLoginCredentials);\n    expect(res.status).to.be.equal(200);\n    expect(res.body).to.have.property('success', true);\n    expect(res.body).to.be.a('object');\n    expect(res.body).to.have.property('message', 'succesfull loged in');\n  });\n\n  it('Should get all users', async () => {\n    const res = await request(app).get('/users');\n    expect(res.status).to.be.equal(200);\n    expect(res.body).to.have.property('success', true);\n    expect(res.body).to.be.a('object');\n    expect(res.body).to.have.property(\n      'message',\n      'all users fetched successfully',\n    );\n  });\n\n  it('Should get one user', async () => {\n    const user = await User.create(mockUser);\n    user.save();\n\n    const res = await request(app).get(`/users/${user._id}`);\n    expect(res.status).to.be.equal(200);\n    expect(res.body).to.have.property('success', true);\n    expect(res.body).to.be.a('object');\n    expect(res.body).to.have.property('message', 'Successfully got one user');\n  });\n\n  it('Should delete a user', async () => {\n    const user = await User.create(mockUser);\n    user.save();\n    console.log(user._id);\n\n    const res = await request(app).delete(`/users/${user._id}`);\n    expect(res.status).to.be.equal(200);\n    expect(res.body).to.have.property('success', true);\n    expect(res.body).to.be.a('object');\n    expect(res.body).to.have.property('message', 'Deleted post successfully');\n  });\n});\n"]},"_coverageSchema":"1a1c01bbd47fc00a2c39e90264f33305004495a9","hash":"30365ed99b5fe3d8feeac94160c6185edec81e49","contentHash":"e06fad6f9788e5a85711dde2cc528b7a050ad55306d729fd3e7277a014dcd1ec"}}